ARM GAS  C:\Users\solar\AppData\Local\Temp\ccvi0s0w.s 			page 1


   1              		.cpu cortex-m4
   2              		.arch armv7e-m
   3              		.fpu fpv4-sp-d16
   4              		.eabi_attribute 27, 1
   5              		.eabi_attribute 28, 1
   6              		.eabi_attribute 20, 1
   7              		.eabi_attribute 21, 1
   8              		.eabi_attribute 23, 3
   9              		.eabi_attribute 24, 1
  10              		.eabi_attribute 25, 1
  11              		.eabi_attribute 26, 1
  12              		.eabi_attribute 30, 1
  13              		.eabi_attribute 34, 1
  14              		.eabi_attribute 18, 4
  15              		.file	"gpio.c"
  16              		.text
  17              	.Ltext0:
  18              		.cfi_sections	.debug_frame
  19              		.file 1 "Core/Src/gpio.c"
  20              		.section	.text.MX_GPIO_Init,"ax",%progbits
  21              		.align	1
  22              		.global	MX_GPIO_Init
  23              		.syntax unified
  24              		.thumb
  25              		.thumb_func
  27              	MX_GPIO_Init:
  28              	.LFB228:
   1:Core/Src/gpio.c **** /* USER CODE BEGIN Header */
   2:Core/Src/gpio.c **** /**
   3:Core/Src/gpio.c ****   ******************************************************************************
   4:Core/Src/gpio.c ****   * @file    gpio.c
   5:Core/Src/gpio.c ****   * @brief   This file provides code for the configuration
   6:Core/Src/gpio.c ****   *          of all used GPIO pins.
   7:Core/Src/gpio.c ****   ******************************************************************************
   8:Core/Src/gpio.c ****   * @attention
   9:Core/Src/gpio.c ****   *
  10:Core/Src/gpio.c ****   * Copyright (c) 2026 STMicroelectronics.
  11:Core/Src/gpio.c ****   * All rights reserved.
  12:Core/Src/gpio.c ****   *
  13:Core/Src/gpio.c ****   * This software is licensed under terms that can be found in the LICENSE file
  14:Core/Src/gpio.c ****   * in the root directory of this software component.
  15:Core/Src/gpio.c ****   * If no LICENSE file comes with this software, it is provided AS-IS.
  16:Core/Src/gpio.c ****   *
  17:Core/Src/gpio.c ****   ******************************************************************************
  18:Core/Src/gpio.c ****   */
  19:Core/Src/gpio.c **** /* USER CODE END Header */
  20:Core/Src/gpio.c **** 
  21:Core/Src/gpio.c **** /* Includes ------------------------------------------------------------------*/
  22:Core/Src/gpio.c **** #include "gpio.h"
  23:Core/Src/gpio.c **** 
  24:Core/Src/gpio.c **** /* USER CODE BEGIN 0 */
  25:Core/Src/gpio.c **** 
  26:Core/Src/gpio.c **** /* USER CODE END 0 */
  27:Core/Src/gpio.c **** 
  28:Core/Src/gpio.c **** /*----------------------------------------------------------------------------*/
  29:Core/Src/gpio.c **** /* Configure GPIO                                                             */
  30:Core/Src/gpio.c **** /*----------------------------------------------------------------------------*/
ARM GAS  C:\Users\solar\AppData\Local\Temp\ccvi0s0w.s 			page 2


  31:Core/Src/gpio.c **** /* USER CODE BEGIN 1 */
  32:Core/Src/gpio.c **** 
  33:Core/Src/gpio.c **** /* USER CODE END 1 */
  34:Core/Src/gpio.c **** 
  35:Core/Src/gpio.c **** /** Configure pins as
  36:Core/Src/gpio.c ****         * Analog
  37:Core/Src/gpio.c ****         * Input
  38:Core/Src/gpio.c ****         * Output
  39:Core/Src/gpio.c ****         * EVENT_OUT
  40:Core/Src/gpio.c ****         * EXTI
  41:Core/Src/gpio.c **** */
  42:Core/Src/gpio.c **** void MX_GPIO_Init(void)
  43:Core/Src/gpio.c **** {
  29              		.loc 1 43 1 view -0
  30              		.cfi_startproc
  31              		@ args = 0, pretend = 0, frame = 32
  32              		@ frame_needed = 0, uses_anonymous_args = 0
  33 0000 F0B5     		push	{r4, r5, r6, r7, lr}
  34              	.LCFI0:
  35              		.cfi_def_cfa_offset 20
  36              		.cfi_offset 4, -20
  37              		.cfi_offset 5, -16
  38              		.cfi_offset 6, -12
  39              		.cfi_offset 7, -8
  40              		.cfi_offset 14, -4
  41 0002 89B0     		sub	sp, sp, #36
  42              	.LCFI1:
  43              		.cfi_def_cfa_offset 56
  44:Core/Src/gpio.c **** 
  45:Core/Src/gpio.c ****   GPIO_InitTypeDef GPIO_InitStruct = {0};
  44              		.loc 1 45 3 view .LVU1
  45              		.loc 1 45 20 is_stmt 0 view .LVU2
  46 0004 03AD     		add	r5, sp, #12
  47 0006 0024     		movs	r4, #0
  48 0008 0394     		str	r4, [sp, #12]
  49 000a 0494     		str	r4, [sp, #16]
  50 000c 0594     		str	r4, [sp, #20]
  51 000e 0694     		str	r4, [sp, #24]
  52 0010 0794     		str	r4, [sp, #28]
  46:Core/Src/gpio.c **** 
  47:Core/Src/gpio.c ****   /* GPIO Ports Clock Enable */
  48:Core/Src/gpio.c ****   __HAL_RCC_GPIOC_CLK_ENABLE();
  53              		.loc 1 48 3 is_stmt 1 view .LVU3
  54              	.LBB2:
  55              		.loc 1 48 3 view .LVU4
  56              		.loc 1 48 3 view .LVU5
  57 0012 204B     		ldr	r3, .L3
  58 0014 DA6C     		ldr	r2, [r3, #76]
  59 0016 42F00402 		orr	r2, r2, #4
  60 001a DA64     		str	r2, [r3, #76]
  61              		.loc 1 48 3 view .LVU6
  62 001c DA6C     		ldr	r2, [r3, #76]
  63 001e 02F00402 		and	r2, r2, #4
  64 0022 0092     		str	r2, [sp]
  65              		.loc 1 48 3 view .LVU7
  66 0024 009A     		ldr	r2, [sp]
  67              	.LBE2:
ARM GAS  C:\Users\solar\AppData\Local\Temp\ccvi0s0w.s 			page 3


  68              		.loc 1 48 3 view .LVU8
  49:Core/Src/gpio.c ****   __HAL_RCC_GPIOA_CLK_ENABLE();
  69              		.loc 1 49 3 view .LVU9
  70              	.LBB3:
  71              		.loc 1 49 3 view .LVU10
  72              		.loc 1 49 3 view .LVU11
  73 0026 DA6C     		ldr	r2, [r3, #76]
  74 0028 42F00102 		orr	r2, r2, #1
  75 002c DA64     		str	r2, [r3, #76]
  76              		.loc 1 49 3 view .LVU12
  77 002e DA6C     		ldr	r2, [r3, #76]
  78 0030 02F00102 		and	r2, r2, #1
  79 0034 0192     		str	r2, [sp, #4]
  80              		.loc 1 49 3 view .LVU13
  81 0036 019A     		ldr	r2, [sp, #4]
  82              	.LBE3:
  83              		.loc 1 49 3 view .LVU14
  50:Core/Src/gpio.c ****   __HAL_RCC_GPIOB_CLK_ENABLE();
  84              		.loc 1 50 3 view .LVU15
  85              	.LBB4:
  86              		.loc 1 50 3 view .LVU16
  87              		.loc 1 50 3 view .LVU17
  88 0038 DA6C     		ldr	r2, [r3, #76]
  89 003a 42F00202 		orr	r2, r2, #2
  90 003e DA64     		str	r2, [r3, #76]
  91              		.loc 1 50 3 view .LVU18
  92 0040 DB6C     		ldr	r3, [r3, #76]
  93 0042 03F00203 		and	r3, r3, #2
  94 0046 0293     		str	r3, [sp, #8]
  95              		.loc 1 50 3 view .LVU19
  96 0048 029B     		ldr	r3, [sp, #8]
  97              	.LBE4:
  98              		.loc 1 50 3 view .LVU20
  51:Core/Src/gpio.c **** 
  52:Core/Src/gpio.c ****   /*Configure GPIO pin Output Level */
  53:Core/Src/gpio.c ****   HAL_GPIO_WritePin(GPIOA, GPIO_PIN_3|GPIO_PIN_4, GPIO_PIN_RESET);
  99              		.loc 1 53 3 view .LVU21
 100 004a 2246     		mov	r2, r4
 101 004c 1821     		movs	r1, #24
 102 004e 4FF09040 		mov	r0, #1207959552
 103 0052 FFF7FEFF 		bl	HAL_GPIO_WritePin
 104              	.LVL0:
  54:Core/Src/gpio.c **** 
  55:Core/Src/gpio.c ****   /*Configure GPIO pin Output Level */
  56:Core/Src/gpio.c ****   HAL_GPIO_WritePin(GPIOB, GPIO_PIN_0|GPIO_PIN_1|GPIO_PIN_2|GPIO_PIN_8
 105              		.loc 1 56 3 view .LVU22
 106 0056 104E     		ldr	r6, .L3+4
 107 0058 2246     		mov	r2, r4
 108 005a 40F20731 		movw	r1, #775
 109 005e 3046     		mov	r0, r6
 110 0060 FFF7FEFF 		bl	HAL_GPIO_WritePin
 111              	.LVL1:
  57:Core/Src/gpio.c ****                           |GPIO_PIN_9, GPIO_PIN_RESET);
  58:Core/Src/gpio.c **** 
  59:Core/Src/gpio.c ****   /*Configure GPIO pins : PA3 PA4 */
  60:Core/Src/gpio.c ****   GPIO_InitStruct.Pin = GPIO_PIN_3|GPIO_PIN_4;
 112              		.loc 1 60 3 view .LVU23
ARM GAS  C:\Users\solar\AppData\Local\Temp\ccvi0s0w.s 			page 4


 113              		.loc 1 60 23 is_stmt 0 view .LVU24
 114 0064 1823     		movs	r3, #24
 115 0066 0393     		str	r3, [sp, #12]
  61:Core/Src/gpio.c ****   GPIO_InitStruct.Mode = GPIO_MODE_OUTPUT_PP;
 116              		.loc 1 61 3 is_stmt 1 view .LVU25
 117              		.loc 1 61 24 is_stmt 0 view .LVU26
 118 0068 0127     		movs	r7, #1
 119 006a 0497     		str	r7, [sp, #16]
  62:Core/Src/gpio.c ****   GPIO_InitStruct.Pull = GPIO_NOPULL;
 120              		.loc 1 62 3 is_stmt 1 view .LVU27
 121              		.loc 1 62 24 is_stmt 0 view .LVU28
 122 006c 0594     		str	r4, [sp, #20]
  63:Core/Src/gpio.c ****   GPIO_InitStruct.Speed = GPIO_SPEED_FREQ_LOW;
 123              		.loc 1 63 3 is_stmt 1 view .LVU29
 124              		.loc 1 63 25 is_stmt 0 view .LVU30
 125 006e 0694     		str	r4, [sp, #24]
  64:Core/Src/gpio.c ****   HAL_GPIO_Init(GPIOA, &GPIO_InitStruct);
 126              		.loc 1 64 3 is_stmt 1 view .LVU31
 127 0070 2946     		mov	r1, r5
 128 0072 4FF09040 		mov	r0, #1207959552
 129 0076 FFF7FEFF 		bl	HAL_GPIO_Init
 130              	.LVL2:
  65:Core/Src/gpio.c **** 
  66:Core/Src/gpio.c ****   /*Configure GPIO pins : PB0 PB1 PB2 PB8
  67:Core/Src/gpio.c ****                            PB9 */
  68:Core/Src/gpio.c ****   GPIO_InitStruct.Pin = GPIO_PIN_0|GPIO_PIN_1|GPIO_PIN_2|GPIO_PIN_8
 131              		.loc 1 68 3 view .LVU32
 132              		.loc 1 68 23 is_stmt 0 view .LVU33
 133 007a 40F20733 		movw	r3, #775
 134 007e 0393     		str	r3, [sp, #12]
  69:Core/Src/gpio.c ****                           |GPIO_PIN_9;
  70:Core/Src/gpio.c ****   GPIO_InitStruct.Mode = GPIO_MODE_OUTPUT_PP;
 135              		.loc 1 70 3 is_stmt 1 view .LVU34
 136              		.loc 1 70 24 is_stmt 0 view .LVU35
 137 0080 0497     		str	r7, [sp, #16]
  71:Core/Src/gpio.c ****   GPIO_InitStruct.Pull = GPIO_NOPULL;
 138              		.loc 1 71 3 is_stmt 1 view .LVU36
 139              		.loc 1 71 24 is_stmt 0 view .LVU37
 140 0082 0594     		str	r4, [sp, #20]
  72:Core/Src/gpio.c ****   GPIO_InitStruct.Speed = GPIO_SPEED_FREQ_LOW;
 141              		.loc 1 72 3 is_stmt 1 view .LVU38
 142              		.loc 1 72 25 is_stmt 0 view .LVU39
 143 0084 0694     		str	r4, [sp, #24]
  73:Core/Src/gpio.c ****   HAL_GPIO_Init(GPIOB, &GPIO_InitStruct);
 144              		.loc 1 73 3 is_stmt 1 view .LVU40
 145 0086 2946     		mov	r1, r5
 146 0088 3046     		mov	r0, r6
 147 008a FFF7FEFF 		bl	HAL_GPIO_Init
 148              	.LVL3:
  74:Core/Src/gpio.c **** 
  75:Core/Src/gpio.c **** }
 149              		.loc 1 75 1 is_stmt 0 view .LVU41
 150 008e 09B0     		add	sp, sp, #36
 151              	.LCFI2:
 152              		.cfi_def_cfa_offset 20
 153              		@ sp needed
 154 0090 F0BD     		pop	{r4, r5, r6, r7, pc}
ARM GAS  C:\Users\solar\AppData\Local\Temp\ccvi0s0w.s 			page 5


 155              	.L4:
 156 0092 00BF     		.align	2
 157              	.L3:
 158 0094 00100240 		.word	1073876992
 159 0098 00040048 		.word	1207960576
 160              		.cfi_endproc
 161              	.LFE228:
 163              		.text
 164              	.Letext0:
 165              		.file 2 "C:/Program Files (x86)/Arm GNU Toolchain arm-none-eabi/14.3 rel1/arm-none-eabi/include/ma
 166              		.file 3 "C:/Program Files (x86)/Arm GNU Toolchain arm-none-eabi/14.3 rel1/arm-none-eabi/include/sy
 167              		.file 4 "Drivers/CMSIS/Device/ST/STM32L4xx/Include/stm32l431xx.h"
 168              		.file 5 "Drivers/STM32L4xx_HAL_Driver/Inc/stm32l4xx_hal_gpio.h"
 169              		.file 6 "Drivers/STM32L4xx_HAL_Driver/Inc/stm32l4xx_ll_dma.h"
ARM GAS  C:\Users\solar\AppData\Local\Temp\ccvi0s0w.s 			page 6


DEFINED SYMBOLS
                            *ABS*:00000000 gpio.c
C:\Users\solar\AppData\Local\Temp\ccvi0s0w.s:21     .text.MX_GPIO_Init:00000000 $t
C:\Users\solar\AppData\Local\Temp\ccvi0s0w.s:27     .text.MX_GPIO_Init:00000000 MX_GPIO_Init
C:\Users\solar\AppData\Local\Temp\ccvi0s0w.s:158    .text.MX_GPIO_Init:00000094 $d

UNDEFINED SYMBOLS
HAL_GPIO_WritePin
HAL_GPIO_Init
