ARM GAS  C:\Users\solar\AppData\Local\Temp\ccR1jVFR.s 			page 1


   1              		.cpu cortex-m4
   2              		.arch armv7e-m
   3              		.fpu fpv4-sp-d16
   4              		.eabi_attribute 27, 1
   5              		.eabi_attribute 28, 1
   6              		.eabi_attribute 20, 1
   7              		.eabi_attribute 21, 1
   8              		.eabi_attribute 23, 3
   9              		.eabi_attribute 24, 1
  10              		.eabi_attribute 25, 1
  11              		.eabi_attribute 26, 1
  12              		.eabi_attribute 30, 1
  13              		.eabi_attribute 34, 1
  14              		.eabi_attribute 18, 4
  15              		.file	"main.c"
  16              		.text
  17              	.Ltext0:
  18              		.cfi_sections	.debug_frame
  19              		.file 1 "Core/Src/main.c"
  20              		.section	.text.UART1_SendString,"ax",%progbits
  21              		.align	1
  22              		.global	UART1_SendString
  23              		.syntax unified
  24              		.thumb
  25              		.thumb_func
  27              	UART1_SendString:
  28              	.LVL0:
  29              	.LFB236:
   1:Core/Src/main.c **** /* USER CODE BEGIN Header */
   2:Core/Src/main.c **** /**
   3:Core/Src/main.c ****   ******************************************************************************
   4:Core/Src/main.c ****   * @file           : main.c
   5:Core/Src/main.c ****   * @brief          : Main program body
   6:Core/Src/main.c ****   ******************************************************************************
   7:Core/Src/main.c ****   * @attention
   8:Core/Src/main.c ****   *
   9:Core/Src/main.c ****   * Copyright (c) 2026 STMicroelectronics.
  10:Core/Src/main.c ****   * All rights reserved.
  11:Core/Src/main.c ****   *
  12:Core/Src/main.c ****   * This software is licensed under terms that can be found in the LICENSE file
  13:Core/Src/main.c ****   * in the root directory of this software component.
  14:Core/Src/main.c ****   * If no LICENSE file comes with this software, it is provided AS-IS.
  15:Core/Src/main.c ****   *
  16:Core/Src/main.c ****   ******************************************************************************
  17:Core/Src/main.c ****   */
  18:Core/Src/main.c **** /* USER CODE END Header */
  19:Core/Src/main.c **** /* Includes ------------------------------------------------------------------*/
  20:Core/Src/main.c **** #include "main.h"
  21:Core/Src/main.c **** #include "cmsis_os.h"
  22:Core/Src/main.c **** #include "i2c.h"
  23:Core/Src/main.c **** #include "rtc.h"
  24:Core/Src/main.c **** #include "spi.h"
  25:Core/Src/main.c **** #include "usart.h"
  26:Core/Src/main.c **** #include "gpio.h"
  27:Core/Src/main.c **** 
  28:Core/Src/main.c **** /* Private includes ----------------------------------------------------------*/
  29:Core/Src/main.c **** /* USER CODE BEGIN Includes */
ARM GAS  C:\Users\solar\AppData\Local\Temp\ccR1jVFR.s 			page 2


  30:Core/Src/main.c **** #include "st7735.h"
  31:Core/Src/main.c **** #include <string.h>
  32:Core/Src/main.c **** #include <stdio.h>
  33:Core/Src/main.c **** 
  34:Core/Src/main.c **** #include "flashdb.h"
  35:Core/Src/main.c **** #include "fal.h"
  36:Core/Src/main.c **** 
  37:Core/Src/main.c **** 
  38:Core/Src/main.c **** #include "w25q64.h"
  39:Core/Src/main.c **** #include "fdb_cfg.h"
  40:Core/Src/main.c **** #include "flashdb.h"
  41:Core/Src/main.c **** #include "lcd_text.h"
  42:Core/Src/main.c **** /* USER CODE END Includes */
  43:Core/Src/main.c **** 
  44:Core/Src/main.c **** /* Private typedef -----------------------------------------------------------*/
  45:Core/Src/main.c **** /* USER CODE BEGIN PTD */
  46:Core/Src/main.c **** static struct fdb_kvdb kvdb;
  47:Core/Src/main.c **** 
  48:Core/Src/main.c **** static struct fdb_default_kv_node default_kv_nodes[] = {
  49:Core/Src/main.c ****     {"name", "solar"},
  50:Core/Src/main.c ****     {"mode", "1"},
  51:Core/Src/main.c **** };
  52:Core/Src/main.c **** 
  53:Core/Src/main.c **** static struct fdb_default_kv default_kv_table = {
  54:Core/Src/main.c ****     .kvs = default_kv_nodes,
  55:Core/Src/main.c ****     .num = sizeof(default_kv_nodes) / sizeof(default_kv_nodes[0]),
  56:Core/Src/main.c **** };
  57:Core/Src/main.c **** 
  58:Core/Src/main.c **** static fdb_err_t MX_FlashDB_Init(void)
  59:Core/Src/main.c **** {
  60:Core/Src/main.c ****     fdb_err_t result;
  61:Core/Src/main.c **** 
  62:Core/Src/main.c ****     result = fal_init();
  63:Core/Src/main.c ****     if (result != FDB_NO_ERR)
  64:Core/Src/main.c ****     {
  65:Core/Src/main.c ****         return result;
  66:Core/Src/main.c ****     }
  67:Core/Src/main.c **** 
  68:Core/Src/main.c ****     result = fdb_kvdb_init(&kvdb, "kvdb1", "fdb_kv", &default_kv_table, NULL);
  69:Core/Src/main.c ****     return result;
  70:Core/Src/main.c **** }
  71:Core/Src/main.c **** /* USER CODE END PTD */
  72:Core/Src/main.c **** 
  73:Core/Src/main.c **** /* Private define ------------------------------------------------------------*/
  74:Core/Src/main.c **** /* USER CODE BEGIN PD */
  75:Core/Src/main.c **** 
  76:Core/Src/main.c **** /* USER CODE END PD */
  77:Core/Src/main.c **** 
  78:Core/Src/main.c **** /* Private macro -------------------------------------------------------------*/
  79:Core/Src/main.c **** /* USER CODE BEGIN PM */
  80:Core/Src/main.c **** 
  81:Core/Src/main.c **** /* USER CODE END PM */
  82:Core/Src/main.c **** 
  83:Core/Src/main.c **** /* Private variables ---------------------------------------------------------*/
  84:Core/Src/main.c **** 
  85:Core/Src/main.c **** /* USER CODE BEGIN PV */
  86:Core/Src/main.c **** 
ARM GAS  C:\Users\solar\AppData\Local\Temp\ccR1jVFR.s 			page 3


  87:Core/Src/main.c **** /* USER CODE END PV */
  88:Core/Src/main.c **** 
  89:Core/Src/main.c **** /* Private function prototypes -----------------------------------------------*/
  90:Core/Src/main.c **** void SystemClock_Config(void);
  91:Core/Src/main.c **** void MX_FREERTOS_Init(void);
  92:Core/Src/main.c **** /* USER CODE BEGIN PFP */
  93:Core/Src/main.c **** 
  94:Core/Src/main.c **** /* USER CODE END PFP */
  95:Core/Src/main.c **** 
  96:Core/Src/main.c **** /* Private user code ---------------------------------------------------------*/
  97:Core/Src/main.c **** /* USER CODE BEGIN 0 */
  98:Core/Src/main.c **** void UART1_SendString(char *str)
  99:Core/Src/main.c **** {
  30              		.loc 1 99 1 view -0
  31              		.cfi_startproc
  32              		@ args = 0, pretend = 0, frame = 0
  33              		@ frame_needed = 0, uses_anonymous_args = 0
  34              		.loc 1 99 1 is_stmt 0 view .LVU1
  35 0000 10B5     		push	{r4, lr}
  36              	.LCFI0:
  37              		.cfi_def_cfa_offset 8
  38              		.cfi_offset 4, -8
  39              		.cfi_offset 14, -4
  40 0002 0446     		mov	r4, r0
 100:Core/Src/main.c ****     HAL_UART_Transmit(&huart1, (uint8_t *)str, strlen(str), HAL_MAX_DELAY);
  41              		.loc 1 100 5 is_stmt 1 view .LVU2
  42              		.loc 1 100 48 is_stmt 0 view .LVU3
  43 0004 FFF7FEFF 		bl	strlen
  44              	.LVL1:
  45              		.loc 1 100 5 discriminator 1 view .LVU4
  46 0008 4FF0FF33 		mov	r3, #-1
  47 000c 82B2     		uxth	r2, r0
  48 000e 2146     		mov	r1, r4
  49 0010 0148     		ldr	r0, .L3
  50 0012 FFF7FEFF 		bl	HAL_UART_Transmit
  51              	.LVL2:
 101:Core/Src/main.c **** }
  52              		.loc 1 101 1 view .LVU5
  53 0016 10BD     		pop	{r4, pc}
  54              	.LVL3:
  55              	.L4:
  56              		.loc 1 101 1 view .LVU6
  57              		.align	2
  58              	.L3:
  59 0018 00000000 		.word	huart1
  60              		.cfi_endproc
  61              	.LFE236:
  63              		.section	.text.HAL_TIM_PeriodElapsedCallback,"ax",%progbits
  64              		.align	1
  65              		.global	HAL_TIM_PeriodElapsedCallback
  66              		.syntax unified
  67              		.thumb
  68              		.thumb_func
  70              	HAL_TIM_PeriodElapsedCallback:
  71              	.LVL4:
  72              	.LFB239:
 102:Core/Src/main.c **** /* USER CODE END 0 */
ARM GAS  C:\Users\solar\AppData\Local\Temp\ccR1jVFR.s 			page 4


 103:Core/Src/main.c **** 
 104:Core/Src/main.c **** /**
 105:Core/Src/main.c ****   * @brief  The application entry point.
 106:Core/Src/main.c ****   * @retval int
 107:Core/Src/main.c ****   */
 108:Core/Src/main.c **** int main(void)
 109:Core/Src/main.c **** {
 110:Core/Src/main.c **** 
 111:Core/Src/main.c ****   /* USER CODE BEGIN 1 */
 112:Core/Src/main.c **** 
 113:Core/Src/main.c ****   /* USER CODE END 1 */
 114:Core/Src/main.c **** 
 115:Core/Src/main.c ****   /* MCU Configuration--------------------------------------------------------*/
 116:Core/Src/main.c **** 
 117:Core/Src/main.c ****   /* Reset of all peripherals, Initializes the Flash interface and the Systick. */
 118:Core/Src/main.c ****   HAL_Init();
 119:Core/Src/main.c **** 
 120:Core/Src/main.c ****   /* USER CODE BEGIN Init */
 121:Core/Src/main.c **** 
 122:Core/Src/main.c ****   /* USER CODE END Init */
 123:Core/Src/main.c **** 
 124:Core/Src/main.c ****   /* Configure the system clock */
 125:Core/Src/main.c ****   SystemClock_Config();
 126:Core/Src/main.c **** 
 127:Core/Src/main.c ****   /* USER CODE BEGIN SysInit */
 128:Core/Src/main.c **** 
 129:Core/Src/main.c ****   /* USER CODE END SysInit */
 130:Core/Src/main.c **** 
 131:Core/Src/main.c ****   /* Initialize all configured peripherals */
 132:Core/Src/main.c ****   MX_GPIO_Init();
 133:Core/Src/main.c ****   MX_SPI1_Init();
 134:Core/Src/main.c ****   MX_I2C2_Init();
 135:Core/Src/main.c ****   MX_USART1_UART_Init();
 136:Core/Src/main.c ****   MX_SPI2_Init();
 137:Core/Src/main.c ****   MX_RTC_Init();
 138:Core/Src/main.c ****   /* USER CODE BEGIN 2 */
 139:Core/Src/main.c **** HAL_Delay(100);
 140:Core/Src/main.c **** 
 141:Core/Src/main.c **** ST7735_Init();
 142:Core/Src/main.c **** ST7735_FillScreen(ST7735_WHITE);
 143:Core/Src/main.c **** 
 144:Core/Src/main.c **** uint8_t cc = 1;
 145:Core/Src/main.c **** char msg[128] = {0};
 146:Core/Src/main.c **** char *value = NULL;
 147:Core/Src/main.c **** uint8_t mid = 0, type = 0, capacity = 0;
 148:Core/Src/main.c **** fdb_err_t result_fal;
 149:Core/Src/main.c **** fdb_err_t result_kv;
 150:Core/Src/main.c **** fdb_err_t result_set;
 151:Core/Src/main.c **** 
 152:Core/Src/main.c **** /* 0. 先读 JEDEC ID，确认 W25Q64 底层正常 */
 153:Core/Src/main.c **** W25Q64_Init();
 154:Core/Src/main.c **** W25Q64_ReadJEDECID(&mid, &type, &capacity);
 155:Core/Src/main.c **** snprintf(msg, sizeof(msg), "JEDEC: %02X %02X %02X\r\n", mid, type, capacity);
 156:Core/Src/main.c **** HAL_UART_Transmit(&huart1, (uint8_t *)msg, strlen(msg), HAL_MAX_DELAY);
 157:Core/Src/main.c **** 
 158:Core/Src/main.c **** /* 1. 单独初始化 FAL */
 159:Core/Src/main.c **** result_fal = fal_init();
ARM GAS  C:\Users\solar\AppData\Local\Temp\ccR1jVFR.s 			page 5


 160:Core/Src/main.c **** snprintf(msg, sizeof(msg), "fal_init = %d\r\n", result_fal);
 161:Core/Src/main.c **** HAL_UART_Transmit(&huart1, (uint8_t *)msg, strlen(msg), HAL_MAX_DELAY);
 162:Core/Src/main.c **** const struct fal_partition *part;
 163:Core/Src/main.c **** uint8_t test_wbuf[16] = "hello_flashdb";
 164:Core/Src/main.c **** uint8_t test_rbuf[16] = {0};
 165:Core/Src/main.c **** int rlen, wlen, elen;
 166:Core/Src/main.c **** 
 167:Core/Src/main.c **** /* 找分区 */
 168:Core/Src/main.c **** part = fal_partition_find("fdb_kv");
 169:Core/Src/main.c **** if (part == NULL)
 170:Core/Src/main.c **** {
 171:Core/Src/main.c ****     snprintf(msg, sizeof(msg), "partition find failed\r\n");
 172:Core/Src/main.c ****     HAL_UART_Transmit(&huart1, (uint8_t *)msg, strlen(msg), HAL_MAX_DELAY);
 173:Core/Src/main.c **** }
 174:Core/Src/main.c **** else
 175:Core/Src/main.c **** {
 176:Core/Src/main.c ****     snprintf(msg, sizeof(msg), "partition ok: len=%ld\r\n", part->len);
 177:Core/Src/main.c ****     HAL_UART_Transmit(&huart1, (uint8_t *)msg, strlen(msg), HAL_MAX_DELAY);
 178:Core/Src/main.c **** 
 179:Core/Src/main.c ****     /* 先擦除前4KB */
 180:Core/Src/main.c ****     elen = fal_partition_erase(part, 0, 4096);
 181:Core/Src/main.c ****     snprintf(msg, sizeof(msg), "erase ret = %d\r\n", elen);
 182:Core/Src/main.c ****     HAL_UART_Transmit(&huart1, (uint8_t *)msg, strlen(msg), HAL_MAX_DELAY);
 183:Core/Src/main.c **** 
 184:Core/Src/main.c ****     /* 再写 */
 185:Core/Src/main.c ****     wlen = fal_partition_write(part, 0, test_wbuf, sizeof(test_wbuf));
 186:Core/Src/main.c ****     snprintf(msg, sizeof(msg), "write ret = %d\r\n", wlen);
 187:Core/Src/main.c ****     HAL_UART_Transmit(&huart1, (uint8_t *)msg, strlen(msg), HAL_MAX_DELAY);
 188:Core/Src/main.c **** 
 189:Core/Src/main.c ****     /* 再读 */
 190:Core/Src/main.c ****     rlen = fal_partition_read(part, 0, test_rbuf, sizeof(test_rbuf));
 191:Core/Src/main.c ****     snprintf(msg, sizeof(msg), "read ret = %d, data = %s\r\n", rlen, test_rbuf);
 192:Core/Src/main.c ****     HAL_UART_Transmit(&huart1, (uint8_t *)msg, strlen(msg), HAL_MAX_DELAY);
 193:Core/Src/main.c **** }
 194:Core/Src/main.c **** /* 2. 单独初始化 KVDB */
 195:Core/Src/main.c **** result_kv = fdb_kvdb_init(&kvdb, "kvdb1", "fdb_kv", &default_kv_table, NULL);
 196:Core/Src/main.c **** snprintf(msg, sizeof(msg), "fdb_kvdb_init = %d\r\n", result_kv);
 197:Core/Src/main.c **** HAL_UART_Transmit(&huart1, (uint8_t *)msg, strlen(msg), HAL_MAX_DELAY);
 198:Core/Src/main.c **** 
 199:Core/Src/main.c **** /* 3. 写入一个键值 */
 200:Core/Src/main.c **** result_set = fdb_kv_set(&kvdb, "name", "solar123");
 201:Core/Src/main.c **** snprintf(msg, sizeof(msg), "fdb_kv_set = %d\r\n", result_set);
 202:Core/Src/main.c **** HAL_UART_Transmit(&huart1, (uint8_t *)msg, strlen(msg), HAL_MAX_DELAY);
 203:Core/Src/main.c **** 
 204:Core/Src/main.c **** /* 4. 读取这个键值 */
 205:Core/Src/main.c **** value = fdb_kv_get(&kvdb, "name");
 206:Core/Src/main.c **** if (value != NULL)
 207:Core/Src/main.c **** {
 208:Core/Src/main.c ****     snprintf(msg, sizeof(msg), "name = %s\r\n", value);
 209:Core/Src/main.c **** }
 210:Core/Src/main.c **** else
 211:Core/Src/main.c **** {
 212:Core/Src/main.c ****     snprintf(msg, sizeof(msg), "read failed\r\n");
 213:Core/Src/main.c **** }
 214:Core/Src/main.c **** HAL_UART_Transmit(&huart1, (uint8_t *)msg, strlen(msg), HAL_MAX_DELAY);
 215:Core/Src/main.c ****     /* USER CODE END 2 */
 216:Core/Src/main.c **** 
ARM GAS  C:\Users\solar\AppData\Local\Temp\ccR1jVFR.s 			page 6


 217:Core/Src/main.c ****   /* Init scheduler */
 218:Core/Src/main.c ****   osKernelInitialize();  /* Call init function for freertos objects (in cmsis_os2.c) */
 219:Core/Src/main.c ****   MX_FREERTOS_Init();
 220:Core/Src/main.c **** 
 221:Core/Src/main.c ****   /* Start scheduler */
 222:Core/Src/main.c ****   osKernelStart();
 223:Core/Src/main.c **** 
 224:Core/Src/main.c ****   /* We should never get here as control is now taken by the scheduler */
 225:Core/Src/main.c **** 
 226:Core/Src/main.c ****   /* Infinite loop */
 227:Core/Src/main.c ****   /* USER CODE BEGIN WHILE */
 228:Core/Src/main.c ****   while (1)
 229:Core/Src/main.c ****   {
 230:Core/Src/main.c ****   LCD_ShowUInt(0, 80, cc, ST7735_BLACK, ST7735_WHITE);
 231:Core/Src/main.c ****   cc++;
 232:Core/Src/main.c ****   HAL_Delay(500);
 233:Core/Src/main.c ****     /* USER CODE END WHILE */
 234:Core/Src/main.c **** 
 235:Core/Src/main.c ****     /* USER CODE BEGIN 3 */
 236:Core/Src/main.c ****   }
 237:Core/Src/main.c ****   /* USER CODE END 3 */
 238:Core/Src/main.c **** }
 239:Core/Src/main.c **** 
 240:Core/Src/main.c **** /**
 241:Core/Src/main.c ****   * @brief System Clock Configuration
 242:Core/Src/main.c ****   * @retval None
 243:Core/Src/main.c ****   */
 244:Core/Src/main.c **** void SystemClock_Config(void)
 245:Core/Src/main.c **** {
 246:Core/Src/main.c ****   RCC_OscInitTypeDef RCC_OscInitStruct = {0};
 247:Core/Src/main.c ****   RCC_ClkInitTypeDef RCC_ClkInitStruct = {0};
 248:Core/Src/main.c **** 
 249:Core/Src/main.c ****   /** Configure the main internal regulator output voltage
 250:Core/Src/main.c ****   */
 251:Core/Src/main.c ****   if (HAL_PWREx_ControlVoltageScaling(PWR_REGULATOR_VOLTAGE_SCALE1) != HAL_OK)
 252:Core/Src/main.c ****   {
 253:Core/Src/main.c ****     Error_Handler();
 254:Core/Src/main.c ****   }
 255:Core/Src/main.c **** 
 256:Core/Src/main.c ****   /** Configure LSE Drive Capability
 257:Core/Src/main.c ****   */
 258:Core/Src/main.c ****   HAL_PWR_EnableBkUpAccess();
 259:Core/Src/main.c ****   __HAL_RCC_LSEDRIVE_CONFIG(RCC_LSEDRIVE_LOW);
 260:Core/Src/main.c **** 
 261:Core/Src/main.c ****   /** Initializes the RCC Oscillators according to the specified parameters
 262:Core/Src/main.c ****   * in the RCC_OscInitTypeDef structure.
 263:Core/Src/main.c ****   */
 264:Core/Src/main.c ****   RCC_OscInitStruct.OscillatorType = RCC_OSCILLATORTYPE_HSI|RCC_OSCILLATORTYPE_LSE;
 265:Core/Src/main.c ****   RCC_OscInitStruct.LSEState = RCC_LSE_ON;
 266:Core/Src/main.c ****   RCC_OscInitStruct.HSIState = RCC_HSI_ON;
 267:Core/Src/main.c ****   RCC_OscInitStruct.HSICalibrationValue = RCC_HSICALIBRATION_DEFAULT;
 268:Core/Src/main.c ****   RCC_OscInitStruct.PLL.PLLState = RCC_PLL_ON;
 269:Core/Src/main.c ****   RCC_OscInitStruct.PLL.PLLSource = RCC_PLLSOURCE_HSI;
 270:Core/Src/main.c ****   RCC_OscInitStruct.PLL.PLLM = 1;
 271:Core/Src/main.c ****   RCC_OscInitStruct.PLL.PLLN = 10;
 272:Core/Src/main.c ****   RCC_OscInitStruct.PLL.PLLP = RCC_PLLP_DIV7;
 273:Core/Src/main.c ****   RCC_OscInitStruct.PLL.PLLQ = RCC_PLLQ_DIV2;
ARM GAS  C:\Users\solar\AppData\Local\Temp\ccR1jVFR.s 			page 7


 274:Core/Src/main.c ****   RCC_OscInitStruct.PLL.PLLR = RCC_PLLR_DIV2;
 275:Core/Src/main.c ****   if (HAL_RCC_OscConfig(&RCC_OscInitStruct) != HAL_OK)
 276:Core/Src/main.c ****   {
 277:Core/Src/main.c ****     Error_Handler();
 278:Core/Src/main.c ****   }
 279:Core/Src/main.c **** 
 280:Core/Src/main.c ****   /** Initializes the CPU, AHB and APB buses clocks
 281:Core/Src/main.c ****   */
 282:Core/Src/main.c ****   RCC_ClkInitStruct.ClockType = RCC_CLOCKTYPE_HCLK|RCC_CLOCKTYPE_SYSCLK
 283:Core/Src/main.c ****                               |RCC_CLOCKTYPE_PCLK1|RCC_CLOCKTYPE_PCLK2;
 284:Core/Src/main.c ****   RCC_ClkInitStruct.SYSCLKSource = RCC_SYSCLKSOURCE_PLLCLK;
 285:Core/Src/main.c ****   RCC_ClkInitStruct.AHBCLKDivider = RCC_SYSCLK_DIV1;
 286:Core/Src/main.c ****   RCC_ClkInitStruct.APB1CLKDivider = RCC_HCLK_DIV1;
 287:Core/Src/main.c ****   RCC_ClkInitStruct.APB2CLKDivider = RCC_HCLK_DIV1;
 288:Core/Src/main.c **** 
 289:Core/Src/main.c ****   if (HAL_RCC_ClockConfig(&RCC_ClkInitStruct, FLASH_LATENCY_4) != HAL_OK)
 290:Core/Src/main.c ****   {
 291:Core/Src/main.c ****     Error_Handler();
 292:Core/Src/main.c ****   }
 293:Core/Src/main.c **** }
 294:Core/Src/main.c **** 
 295:Core/Src/main.c **** /* USER CODE BEGIN 4 */
 296:Core/Src/main.c **** 
 297:Core/Src/main.c **** /* USER CODE END 4 */
 298:Core/Src/main.c **** 
 299:Core/Src/main.c **** /**
 300:Core/Src/main.c ****   * @brief  Period elapsed callback in non blocking mode
 301:Core/Src/main.c ****   * @note   This function is called  when TIM15 interrupt took place, inside
 302:Core/Src/main.c ****   * HAL_TIM_IRQHandler(). It makes a direct call to HAL_IncTick() to increment
 303:Core/Src/main.c ****   * a global variable "uwTick" used as application time base.
 304:Core/Src/main.c ****   * @param  htim : TIM handle
 305:Core/Src/main.c ****   * @retval None
 306:Core/Src/main.c ****   */
 307:Core/Src/main.c **** void HAL_TIM_PeriodElapsedCallback(TIM_HandleTypeDef *htim)
 308:Core/Src/main.c **** {
  73              		.loc 1 308 1 is_stmt 1 view -0
  74              		.cfi_startproc
  75              		@ args = 0, pretend = 0, frame = 0
  76              		@ frame_needed = 0, uses_anonymous_args = 0
  77              		.loc 1 308 1 is_stmt 0 view .LVU8
  78 0000 08B5     		push	{r3, lr}
  79              	.LCFI1:
  80              		.cfi_def_cfa_offset 8
  81              		.cfi_offset 3, -8
  82              		.cfi_offset 14, -4
 309:Core/Src/main.c ****   /* USER CODE BEGIN Callback 0 */
 310:Core/Src/main.c **** 
 311:Core/Src/main.c ****   /* USER CODE END Callback 0 */
 312:Core/Src/main.c ****   if (htim->Instance == TIM15)
  83              		.loc 1 312 3 is_stmt 1 view .LVU9
  84              		.loc 1 312 11 is_stmt 0 view .LVU10
  85 0002 0268     		ldr	r2, [r0]
  86              		.loc 1 312 6 view .LVU11
  87 0004 034B     		ldr	r3, .L9
  88 0006 9A42     		cmp	r2, r3
  89 0008 00D0     		beq	.L8
  90              	.LVL5:
ARM GAS  C:\Users\solar\AppData\Local\Temp\ccR1jVFR.s 			page 8


  91              	.L5:
 313:Core/Src/main.c ****   {
 314:Core/Src/main.c ****     HAL_IncTick();
 315:Core/Src/main.c ****   }
 316:Core/Src/main.c ****   /* USER CODE BEGIN Callback 1 */
 317:Core/Src/main.c **** 
 318:Core/Src/main.c ****   /* USER CODE END Callback 1 */
 319:Core/Src/main.c **** }
  92              		.loc 1 319 1 view .LVU12
  93 000a 08BD     		pop	{r3, pc}
  94              	.LVL6:
  95              	.L8:
 314:Core/Src/main.c ****   }
  96              		.loc 1 314 5 is_stmt 1 view .LVU13
  97 000c FFF7FEFF 		bl	HAL_IncTick
  98              	.LVL7:
  99              		.loc 1 319 1 is_stmt 0 view .LVU14
 100 0010 FBE7     		b	.L5
 101              	.L10:
 102 0012 00BF     		.align	2
 103              	.L9:
 104 0014 00400140 		.word	1073823744
 105              		.cfi_endproc
 106              	.LFE239:
 108              		.section	.text.Error_Handler,"ax",%progbits
 109              		.align	1
 110              		.global	Error_Handler
 111              		.syntax unified
 112              		.thumb
 113              		.thumb_func
 115              	Error_Handler:
 116              	.LFB240:
 320:Core/Src/main.c **** 
 321:Core/Src/main.c **** /**
 322:Core/Src/main.c ****   * @brief  This function is executed in case of error occurrence.
 323:Core/Src/main.c ****   * @retval None
 324:Core/Src/main.c ****   */
 325:Core/Src/main.c **** void Error_Handler(void)
 326:Core/Src/main.c **** {
 117              		.loc 1 326 1 is_stmt 1 view -0
 118              		.cfi_startproc
 119              		@ Volatile: function does not return.
 120              		@ args = 0, pretend = 0, frame = 0
 121              		@ frame_needed = 0, uses_anonymous_args = 0
 122              		@ link register save eliminated.
 327:Core/Src/main.c ****   /* USER CODE BEGIN Error_Handler_Debug */
 328:Core/Src/main.c ****   /* User can add his own implementation to report the HAL error return state */
 329:Core/Src/main.c ****   __disable_irq();
 123              		.loc 1 329 3 view .LVU16
 124              	.LBB4:
 125              	.LBI4:
 126              		.file 2 "Drivers/CMSIS/Include/cmsis_gcc.h"
   1:Drivers/CMSIS/Include/cmsis_gcc.h **** /**************************************************************************//**
   2:Drivers/CMSIS/Include/cmsis_gcc.h ****  * @file     cmsis_gcc.h
   3:Drivers/CMSIS/Include/cmsis_gcc.h ****  * @brief    CMSIS compiler GCC header file
   4:Drivers/CMSIS/Include/cmsis_gcc.h ****  * @version  V5.2.0
   5:Drivers/CMSIS/Include/cmsis_gcc.h ****  * @date     08. May 2019
ARM GAS  C:\Users\solar\AppData\Local\Temp\ccR1jVFR.s 			page 9


   6:Drivers/CMSIS/Include/cmsis_gcc.h ****  ******************************************************************************/
   7:Drivers/CMSIS/Include/cmsis_gcc.h **** /*
   8:Drivers/CMSIS/Include/cmsis_gcc.h ****  * Copyright (c) 2009-2019 Arm Limited. All rights reserved.
   9:Drivers/CMSIS/Include/cmsis_gcc.h ****  *
  10:Drivers/CMSIS/Include/cmsis_gcc.h ****  * SPDX-License-Identifier: Apache-2.0
  11:Drivers/CMSIS/Include/cmsis_gcc.h ****  *
  12:Drivers/CMSIS/Include/cmsis_gcc.h ****  * Licensed under the Apache License, Version 2.0 (the License); you may
  13:Drivers/CMSIS/Include/cmsis_gcc.h ****  * not use this file except in compliance with the License.
  14:Drivers/CMSIS/Include/cmsis_gcc.h ****  * You may obtain a copy of the License at
  15:Drivers/CMSIS/Include/cmsis_gcc.h ****  *
  16:Drivers/CMSIS/Include/cmsis_gcc.h ****  * www.apache.org/licenses/LICENSE-2.0
  17:Drivers/CMSIS/Include/cmsis_gcc.h ****  *
  18:Drivers/CMSIS/Include/cmsis_gcc.h ****  * Unless required by applicable law or agreed to in writing, software
  19:Drivers/CMSIS/Include/cmsis_gcc.h ****  * distributed under the License is distributed on an AS IS BASIS, WITHOUT
  20:Drivers/CMSIS/Include/cmsis_gcc.h ****  * WARRANTIES OR CONDITIONS OF ANY KIND, either express or implied.
  21:Drivers/CMSIS/Include/cmsis_gcc.h ****  * See the License for the specific language governing permissions and
  22:Drivers/CMSIS/Include/cmsis_gcc.h ****  * limitations under the License.
  23:Drivers/CMSIS/Include/cmsis_gcc.h ****  */
  24:Drivers/CMSIS/Include/cmsis_gcc.h **** 
  25:Drivers/CMSIS/Include/cmsis_gcc.h **** #ifndef __CMSIS_GCC_H
  26:Drivers/CMSIS/Include/cmsis_gcc.h **** #define __CMSIS_GCC_H
  27:Drivers/CMSIS/Include/cmsis_gcc.h **** 
  28:Drivers/CMSIS/Include/cmsis_gcc.h **** /* ignore some GCC warnings */
  29:Drivers/CMSIS/Include/cmsis_gcc.h **** #pragma GCC diagnostic push
  30:Drivers/CMSIS/Include/cmsis_gcc.h **** #pragma GCC diagnostic ignored "-Wsign-conversion"
  31:Drivers/CMSIS/Include/cmsis_gcc.h **** #pragma GCC diagnostic ignored "-Wconversion"
  32:Drivers/CMSIS/Include/cmsis_gcc.h **** #pragma GCC diagnostic ignored "-Wunused-parameter"
  33:Drivers/CMSIS/Include/cmsis_gcc.h **** 
  34:Drivers/CMSIS/Include/cmsis_gcc.h **** /* Fallback for __has_builtin */
  35:Drivers/CMSIS/Include/cmsis_gcc.h **** #ifndef __has_builtin
  36:Drivers/CMSIS/Include/cmsis_gcc.h ****   #define __has_builtin(x) (0)
  37:Drivers/CMSIS/Include/cmsis_gcc.h **** #endif
  38:Drivers/CMSIS/Include/cmsis_gcc.h **** 
  39:Drivers/CMSIS/Include/cmsis_gcc.h **** /* CMSIS compiler specific defines */
  40:Drivers/CMSIS/Include/cmsis_gcc.h **** #ifndef   __ASM
  41:Drivers/CMSIS/Include/cmsis_gcc.h ****   #define __ASM                                  __asm
  42:Drivers/CMSIS/Include/cmsis_gcc.h **** #endif
  43:Drivers/CMSIS/Include/cmsis_gcc.h **** #ifndef   __INLINE
  44:Drivers/CMSIS/Include/cmsis_gcc.h ****   #define __INLINE                               inline
  45:Drivers/CMSIS/Include/cmsis_gcc.h **** #endif
  46:Drivers/CMSIS/Include/cmsis_gcc.h **** #ifndef   __STATIC_INLINE
  47:Drivers/CMSIS/Include/cmsis_gcc.h ****   #define __STATIC_INLINE                        static inline
  48:Drivers/CMSIS/Include/cmsis_gcc.h **** #endif
  49:Drivers/CMSIS/Include/cmsis_gcc.h **** #ifndef   __STATIC_FORCEINLINE                 
  50:Drivers/CMSIS/Include/cmsis_gcc.h ****   #define __STATIC_FORCEINLINE                   __attribute__((always_inline)) static inline
  51:Drivers/CMSIS/Include/cmsis_gcc.h **** #endif                                           
  52:Drivers/CMSIS/Include/cmsis_gcc.h **** #ifndef   __NO_RETURN
  53:Drivers/CMSIS/Include/cmsis_gcc.h ****   #define __NO_RETURN                            __attribute__((__noreturn__))
  54:Drivers/CMSIS/Include/cmsis_gcc.h **** #endif
  55:Drivers/CMSIS/Include/cmsis_gcc.h **** #ifndef   __USED
  56:Drivers/CMSIS/Include/cmsis_gcc.h ****   #define __USED                                 __attribute__((used))
  57:Drivers/CMSIS/Include/cmsis_gcc.h **** #endif
  58:Drivers/CMSIS/Include/cmsis_gcc.h **** #ifndef   __WEAK
  59:Drivers/CMSIS/Include/cmsis_gcc.h ****   #define __WEAK                                 __attribute__((weak))
  60:Drivers/CMSIS/Include/cmsis_gcc.h **** #endif
  61:Drivers/CMSIS/Include/cmsis_gcc.h **** #ifndef   __PACKED
  62:Drivers/CMSIS/Include/cmsis_gcc.h ****   #define __PACKED                               __attribute__((packed, aligned(1)))
ARM GAS  C:\Users\solar\AppData\Local\Temp\ccR1jVFR.s 			page 10


  63:Drivers/CMSIS/Include/cmsis_gcc.h **** #endif
  64:Drivers/CMSIS/Include/cmsis_gcc.h **** #ifndef   __PACKED_STRUCT
  65:Drivers/CMSIS/Include/cmsis_gcc.h ****   #define __PACKED_STRUCT                        struct __attribute__((packed, aligned(1)))
  66:Drivers/CMSIS/Include/cmsis_gcc.h **** #endif
  67:Drivers/CMSIS/Include/cmsis_gcc.h **** #ifndef   __PACKED_UNION
  68:Drivers/CMSIS/Include/cmsis_gcc.h ****   #define __PACKED_UNION                         union __attribute__((packed, aligned(1)))
  69:Drivers/CMSIS/Include/cmsis_gcc.h **** #endif
  70:Drivers/CMSIS/Include/cmsis_gcc.h **** #ifndef   __UNALIGNED_UINT32        /* deprecated */
  71:Drivers/CMSIS/Include/cmsis_gcc.h ****   #pragma GCC diagnostic push
  72:Drivers/CMSIS/Include/cmsis_gcc.h ****   #pragma GCC diagnostic ignored "-Wpacked"
  73:Drivers/CMSIS/Include/cmsis_gcc.h ****   #pragma GCC diagnostic ignored "-Wattributes"
  74:Drivers/CMSIS/Include/cmsis_gcc.h ****   struct __attribute__((packed)) T_UINT32 { uint32_t v; };
  75:Drivers/CMSIS/Include/cmsis_gcc.h ****   #pragma GCC diagnostic pop
  76:Drivers/CMSIS/Include/cmsis_gcc.h ****   #define __UNALIGNED_UINT32(x)                  (((struct T_UINT32 *)(x))->v)
  77:Drivers/CMSIS/Include/cmsis_gcc.h **** #endif
  78:Drivers/CMSIS/Include/cmsis_gcc.h **** #ifndef   __UNALIGNED_UINT16_WRITE
  79:Drivers/CMSIS/Include/cmsis_gcc.h ****   #pragma GCC diagnostic push
  80:Drivers/CMSIS/Include/cmsis_gcc.h ****   #pragma GCC diagnostic ignored "-Wpacked"
  81:Drivers/CMSIS/Include/cmsis_gcc.h ****   #pragma GCC diagnostic ignored "-Wattributes"
  82:Drivers/CMSIS/Include/cmsis_gcc.h ****   __PACKED_STRUCT T_UINT16_WRITE { uint16_t v; };
  83:Drivers/CMSIS/Include/cmsis_gcc.h ****   #pragma GCC diagnostic pop
  84:Drivers/CMSIS/Include/cmsis_gcc.h ****   #define __UNALIGNED_UINT16_WRITE(addr, val)    (void)((((struct T_UINT16_WRITE *)(void *)(addr))-
  85:Drivers/CMSIS/Include/cmsis_gcc.h **** #endif
  86:Drivers/CMSIS/Include/cmsis_gcc.h **** #ifndef   __UNALIGNED_UINT16_READ
  87:Drivers/CMSIS/Include/cmsis_gcc.h ****   #pragma GCC diagnostic push
  88:Drivers/CMSIS/Include/cmsis_gcc.h ****   #pragma GCC diagnostic ignored "-Wpacked"
  89:Drivers/CMSIS/Include/cmsis_gcc.h ****   #pragma GCC diagnostic ignored "-Wattributes"
  90:Drivers/CMSIS/Include/cmsis_gcc.h ****   __PACKED_STRUCT T_UINT16_READ { uint16_t v; };
  91:Drivers/CMSIS/Include/cmsis_gcc.h ****   #pragma GCC diagnostic pop
  92:Drivers/CMSIS/Include/cmsis_gcc.h ****   #define __UNALIGNED_UINT16_READ(addr)          (((const struct T_UINT16_READ *)(const void *)(add
  93:Drivers/CMSIS/Include/cmsis_gcc.h **** #endif
  94:Drivers/CMSIS/Include/cmsis_gcc.h **** #ifndef   __UNALIGNED_UINT32_WRITE
  95:Drivers/CMSIS/Include/cmsis_gcc.h ****   #pragma GCC diagnostic push
  96:Drivers/CMSIS/Include/cmsis_gcc.h ****   #pragma GCC diagnostic ignored "-Wpacked"
  97:Drivers/CMSIS/Include/cmsis_gcc.h ****   #pragma GCC diagnostic ignored "-Wattributes"
  98:Drivers/CMSIS/Include/cmsis_gcc.h ****   __PACKED_STRUCT T_UINT32_WRITE { uint32_t v; };
  99:Drivers/CMSIS/Include/cmsis_gcc.h ****   #pragma GCC diagnostic pop
 100:Drivers/CMSIS/Include/cmsis_gcc.h ****   #define __UNALIGNED_UINT32_WRITE(addr, val)    (void)((((struct T_UINT32_WRITE *)(void *)(addr))-
 101:Drivers/CMSIS/Include/cmsis_gcc.h **** #endif
 102:Drivers/CMSIS/Include/cmsis_gcc.h **** #ifndef   __UNALIGNED_UINT32_READ
 103:Drivers/CMSIS/Include/cmsis_gcc.h ****   #pragma GCC diagnostic push
 104:Drivers/CMSIS/Include/cmsis_gcc.h ****   #pragma GCC diagnostic ignored "-Wpacked"
 105:Drivers/CMSIS/Include/cmsis_gcc.h ****   #pragma GCC diagnostic ignored "-Wattributes"
 106:Drivers/CMSIS/Include/cmsis_gcc.h ****   __PACKED_STRUCT T_UINT32_READ { uint32_t v; };
 107:Drivers/CMSIS/Include/cmsis_gcc.h ****   #pragma GCC diagnostic pop
 108:Drivers/CMSIS/Include/cmsis_gcc.h ****   #define __UNALIGNED_UINT32_READ(addr)          (((const struct T_UINT32_READ *)(const void *)(add
 109:Drivers/CMSIS/Include/cmsis_gcc.h **** #endif
 110:Drivers/CMSIS/Include/cmsis_gcc.h **** #ifndef   __ALIGNED
 111:Drivers/CMSIS/Include/cmsis_gcc.h ****   #define __ALIGNED(x)                           __attribute__((aligned(x)))
 112:Drivers/CMSIS/Include/cmsis_gcc.h **** #endif
 113:Drivers/CMSIS/Include/cmsis_gcc.h **** #ifndef   __RESTRICT
 114:Drivers/CMSIS/Include/cmsis_gcc.h ****   #define __RESTRICT                             __restrict
 115:Drivers/CMSIS/Include/cmsis_gcc.h **** #endif
 116:Drivers/CMSIS/Include/cmsis_gcc.h **** #ifndef   __COMPILER_BARRIER
 117:Drivers/CMSIS/Include/cmsis_gcc.h ****   #define __COMPILER_BARRIER()                   __ASM volatile("":::"memory")
 118:Drivers/CMSIS/Include/cmsis_gcc.h **** #endif
 119:Drivers/CMSIS/Include/cmsis_gcc.h **** 
ARM GAS  C:\Users\solar\AppData\Local\Temp\ccR1jVFR.s 			page 11


 120:Drivers/CMSIS/Include/cmsis_gcc.h **** /* #########################  Startup and Lowlevel Init  ######################## */
 121:Drivers/CMSIS/Include/cmsis_gcc.h **** 
 122:Drivers/CMSIS/Include/cmsis_gcc.h **** #ifndef __PROGRAM_START
 123:Drivers/CMSIS/Include/cmsis_gcc.h **** 
 124:Drivers/CMSIS/Include/cmsis_gcc.h **** /**
 125:Drivers/CMSIS/Include/cmsis_gcc.h ****   \brief   Initializes data and bss sections
 126:Drivers/CMSIS/Include/cmsis_gcc.h ****   \details This default implementations initialized all data and additional bss
 127:Drivers/CMSIS/Include/cmsis_gcc.h ****            sections relying on .copy.table and .zero.table specified properly
 128:Drivers/CMSIS/Include/cmsis_gcc.h ****            in the used linker script.
 129:Drivers/CMSIS/Include/cmsis_gcc.h ****   
 130:Drivers/CMSIS/Include/cmsis_gcc.h ****  */
 131:Drivers/CMSIS/Include/cmsis_gcc.h **** __STATIC_FORCEINLINE __NO_RETURN void __cmsis_start(void)
 132:Drivers/CMSIS/Include/cmsis_gcc.h **** {
 133:Drivers/CMSIS/Include/cmsis_gcc.h ****   extern void _start(void) __NO_RETURN;
 134:Drivers/CMSIS/Include/cmsis_gcc.h ****   
 135:Drivers/CMSIS/Include/cmsis_gcc.h ****   typedef struct {
 136:Drivers/CMSIS/Include/cmsis_gcc.h ****     uint32_t const* src;
 137:Drivers/CMSIS/Include/cmsis_gcc.h ****     uint32_t* dest;
 138:Drivers/CMSIS/Include/cmsis_gcc.h ****     uint32_t  wlen;
 139:Drivers/CMSIS/Include/cmsis_gcc.h ****   } __copy_table_t;
 140:Drivers/CMSIS/Include/cmsis_gcc.h ****   
 141:Drivers/CMSIS/Include/cmsis_gcc.h ****   typedef struct {
 142:Drivers/CMSIS/Include/cmsis_gcc.h ****     uint32_t* dest;
 143:Drivers/CMSIS/Include/cmsis_gcc.h ****     uint32_t  wlen;
 144:Drivers/CMSIS/Include/cmsis_gcc.h ****   } __zero_table_t;
 145:Drivers/CMSIS/Include/cmsis_gcc.h ****   
 146:Drivers/CMSIS/Include/cmsis_gcc.h ****   extern const __copy_table_t __copy_table_start__;
 147:Drivers/CMSIS/Include/cmsis_gcc.h ****   extern const __copy_table_t __copy_table_end__;
 148:Drivers/CMSIS/Include/cmsis_gcc.h ****   extern const __zero_table_t __zero_table_start__;
 149:Drivers/CMSIS/Include/cmsis_gcc.h ****   extern const __zero_table_t __zero_table_end__;
 150:Drivers/CMSIS/Include/cmsis_gcc.h **** 
 151:Drivers/CMSIS/Include/cmsis_gcc.h ****   for (__copy_table_t const* pTable = &__copy_table_start__; pTable < &__copy_table_end__; ++pTable
 152:Drivers/CMSIS/Include/cmsis_gcc.h ****     for(uint32_t i=0u; i<pTable->wlen; ++i) {
 153:Drivers/CMSIS/Include/cmsis_gcc.h ****       pTable->dest[i] = pTable->src[i];
 154:Drivers/CMSIS/Include/cmsis_gcc.h ****     }
 155:Drivers/CMSIS/Include/cmsis_gcc.h ****   }
 156:Drivers/CMSIS/Include/cmsis_gcc.h ****  
 157:Drivers/CMSIS/Include/cmsis_gcc.h ****   for (__zero_table_t const* pTable = &__zero_table_start__; pTable < &__zero_table_end__; ++pTable
 158:Drivers/CMSIS/Include/cmsis_gcc.h ****     for(uint32_t i=0u; i<pTable->wlen; ++i) {
 159:Drivers/CMSIS/Include/cmsis_gcc.h ****       pTable->dest[i] = 0u;
 160:Drivers/CMSIS/Include/cmsis_gcc.h ****     }
 161:Drivers/CMSIS/Include/cmsis_gcc.h ****   }
 162:Drivers/CMSIS/Include/cmsis_gcc.h ****  
 163:Drivers/CMSIS/Include/cmsis_gcc.h ****   _start();
 164:Drivers/CMSIS/Include/cmsis_gcc.h **** }
 165:Drivers/CMSIS/Include/cmsis_gcc.h ****   
 166:Drivers/CMSIS/Include/cmsis_gcc.h **** #define __PROGRAM_START           __cmsis_start
 167:Drivers/CMSIS/Include/cmsis_gcc.h **** #endif
 168:Drivers/CMSIS/Include/cmsis_gcc.h **** 
 169:Drivers/CMSIS/Include/cmsis_gcc.h **** #ifndef __INITIAL_SP
 170:Drivers/CMSIS/Include/cmsis_gcc.h **** #define __INITIAL_SP              __StackTop
 171:Drivers/CMSIS/Include/cmsis_gcc.h **** #endif
 172:Drivers/CMSIS/Include/cmsis_gcc.h **** 
 173:Drivers/CMSIS/Include/cmsis_gcc.h **** #ifndef __STACK_LIMIT
 174:Drivers/CMSIS/Include/cmsis_gcc.h **** #define __STACK_LIMIT             __StackLimit
 175:Drivers/CMSIS/Include/cmsis_gcc.h **** #endif
 176:Drivers/CMSIS/Include/cmsis_gcc.h **** 
ARM GAS  C:\Users\solar\AppData\Local\Temp\ccR1jVFR.s 			page 12


 177:Drivers/CMSIS/Include/cmsis_gcc.h **** #ifndef __VECTOR_TABLE
 178:Drivers/CMSIS/Include/cmsis_gcc.h **** #define __VECTOR_TABLE            __Vectors
 179:Drivers/CMSIS/Include/cmsis_gcc.h **** #endif
 180:Drivers/CMSIS/Include/cmsis_gcc.h **** 
 181:Drivers/CMSIS/Include/cmsis_gcc.h **** #ifndef __VECTOR_TABLE_ATTRIBUTE
 182:Drivers/CMSIS/Include/cmsis_gcc.h **** #define __VECTOR_TABLE_ATTRIBUTE  __attribute((used, section(".vectors")))
 183:Drivers/CMSIS/Include/cmsis_gcc.h **** #endif
 184:Drivers/CMSIS/Include/cmsis_gcc.h **** 
 185:Drivers/CMSIS/Include/cmsis_gcc.h **** /* ###########################  Core Function Access  ########################### */
 186:Drivers/CMSIS/Include/cmsis_gcc.h **** /** \ingroup  CMSIS_Core_FunctionInterface
 187:Drivers/CMSIS/Include/cmsis_gcc.h ****     \defgroup CMSIS_Core_RegAccFunctions CMSIS Core Register Access Functions
 188:Drivers/CMSIS/Include/cmsis_gcc.h ****   @{
 189:Drivers/CMSIS/Include/cmsis_gcc.h ****  */
 190:Drivers/CMSIS/Include/cmsis_gcc.h **** 
 191:Drivers/CMSIS/Include/cmsis_gcc.h **** /**
 192:Drivers/CMSIS/Include/cmsis_gcc.h ****   \brief   Enable IRQ Interrupts
 193:Drivers/CMSIS/Include/cmsis_gcc.h ****   \details Enables IRQ interrupts by clearing the I-bit in the CPSR.
 194:Drivers/CMSIS/Include/cmsis_gcc.h ****            Can only be executed in Privileged modes.
 195:Drivers/CMSIS/Include/cmsis_gcc.h ****  */
 196:Drivers/CMSIS/Include/cmsis_gcc.h **** __STATIC_FORCEINLINE void __enable_irq(void)
 197:Drivers/CMSIS/Include/cmsis_gcc.h **** {
 198:Drivers/CMSIS/Include/cmsis_gcc.h ****   __ASM volatile ("cpsie i" : : : "memory");
 199:Drivers/CMSIS/Include/cmsis_gcc.h **** }
 200:Drivers/CMSIS/Include/cmsis_gcc.h **** 
 201:Drivers/CMSIS/Include/cmsis_gcc.h **** 
 202:Drivers/CMSIS/Include/cmsis_gcc.h **** /**
 203:Drivers/CMSIS/Include/cmsis_gcc.h ****   \brief   Disable IRQ Interrupts
 204:Drivers/CMSIS/Include/cmsis_gcc.h ****   \details Disables IRQ interrupts by setting the I-bit in the CPSR.
 205:Drivers/CMSIS/Include/cmsis_gcc.h ****            Can only be executed in Privileged modes.
 206:Drivers/CMSIS/Include/cmsis_gcc.h ****  */
 207:Drivers/CMSIS/Include/cmsis_gcc.h **** __STATIC_FORCEINLINE void __disable_irq(void)
 127              		.loc 2 207 27 view .LVU17
 128              	.LBB5:
 208:Drivers/CMSIS/Include/cmsis_gcc.h **** {
 209:Drivers/CMSIS/Include/cmsis_gcc.h ****   __ASM volatile ("cpsid i" : : : "memory");
 129              		.loc 2 209 3 view .LVU18
 130              		.syntax unified
 131              	@ 209 "Drivers/CMSIS/Include/cmsis_gcc.h" 1
 132 0000 72B6     		cpsid i
 133              	@ 0 "" 2
 134              		.thumb
 135              		.syntax unified
 136              	.L12:
 137              	.LBE5:
 138              	.LBE4:
 330:Core/Src/main.c ****   while (1)
 139              		.loc 1 330 3 view .LVU19
 331:Core/Src/main.c ****   {
 332:Core/Src/main.c ****   }
 140              		.loc 1 332 3 view .LVU20
 330:Core/Src/main.c ****   while (1)
 141              		.loc 1 330 9 view .LVU21
 142 0002 FEE7     		b	.L12
 143              		.cfi_endproc
 144              	.LFE240:
 146              		.section	.text.SystemClock_Config,"ax",%progbits
 147              		.align	1
ARM GAS  C:\Users\solar\AppData\Local\Temp\ccR1jVFR.s 			page 13


 148              		.global	SystemClock_Config
 149              		.syntax unified
 150              		.thumb
 151              		.thumb_func
 153              	SystemClock_Config:
 154              	.LFB238:
 245:Core/Src/main.c ****   RCC_OscInitTypeDef RCC_OscInitStruct = {0};
 155              		.loc 1 245 1 view -0
 156              		.cfi_startproc
 157              		@ args = 0, pretend = 0, frame = 88
 158              		@ frame_needed = 0, uses_anonymous_args = 0
 159 0000 00B5     		push	{lr}
 160              	.LCFI2:
 161              		.cfi_def_cfa_offset 4
 162              		.cfi_offset 14, -4
 163 0002 97B0     		sub	sp, sp, #92
 164              	.LCFI3:
 165              		.cfi_def_cfa_offset 96
 246:Core/Src/main.c ****   RCC_ClkInitTypeDef RCC_ClkInitStruct = {0};
 166              		.loc 1 246 3 view .LVU23
 246:Core/Src/main.c ****   RCC_ClkInitTypeDef RCC_ClkInitStruct = {0};
 167              		.loc 1 246 22 is_stmt 0 view .LVU24
 168 0004 4422     		movs	r2, #68
 169 0006 0021     		movs	r1, #0
 170 0008 05A8     		add	r0, sp, #20
 171 000a FFF7FEFF 		bl	memset
 172              	.LVL8:
 247:Core/Src/main.c **** 
 173              		.loc 1 247 3 is_stmt 1 view .LVU25
 247:Core/Src/main.c **** 
 174              		.loc 1 247 22 is_stmt 0 view .LVU26
 175 000e 0023     		movs	r3, #0
 176 0010 0093     		str	r3, [sp]
 177 0012 0193     		str	r3, [sp, #4]
 178 0014 0293     		str	r3, [sp, #8]
 179 0016 0393     		str	r3, [sp, #12]
 180 0018 0493     		str	r3, [sp, #16]
 251:Core/Src/main.c ****   {
 181              		.loc 1 251 3 is_stmt 1 view .LVU27
 251:Core/Src/main.c ****   {
 182              		.loc 1 251 7 is_stmt 0 view .LVU28
 183 001a 4FF40070 		mov	r0, #512
 184 001e FFF7FEFF 		bl	HAL_PWREx_ControlVoltageScaling
 185              	.LVL9:
 251:Core/Src/main.c ****   {
 186              		.loc 1 251 6 discriminator 1 view .LVU29
 187 0022 0028     		cmp	r0, #0
 188 0024 2FD1     		bne	.L18
 258:Core/Src/main.c ****   __HAL_RCC_LSEDRIVE_CONFIG(RCC_LSEDRIVE_LOW);
 189              		.loc 1 258 3 is_stmt 1 view .LVU30
 190 0026 FFF7FEFF 		bl	HAL_PWR_EnableBkUpAccess
 191              	.LVL10:
 259:Core/Src/main.c **** 
 192              		.loc 1 259 3 view .LVU31
 193 002a 1A4A     		ldr	r2, .L21
 194 002c D2F89030 		ldr	r3, [r2, #144]
 195 0030 23F01803 		bic	r3, r3, #24
ARM GAS  C:\Users\solar\AppData\Local\Temp\ccR1jVFR.s 			page 14


 196 0034 C2F89030 		str	r3, [r2, #144]
 264:Core/Src/main.c ****   RCC_OscInitStruct.LSEState = RCC_LSE_ON;
 197              		.loc 1 264 3 view .LVU32
 264:Core/Src/main.c ****   RCC_OscInitStruct.LSEState = RCC_LSE_ON;
 198              		.loc 1 264 36 is_stmt 0 view .LVU33
 199 0038 0623     		movs	r3, #6
 200 003a 0593     		str	r3, [sp, #20]
 265:Core/Src/main.c ****   RCC_OscInitStruct.HSIState = RCC_HSI_ON;
 201              		.loc 1 265 3 is_stmt 1 view .LVU34
 265:Core/Src/main.c ****   RCC_OscInitStruct.HSIState = RCC_HSI_ON;
 202              		.loc 1 265 30 is_stmt 0 view .LVU35
 203 003c 0122     		movs	r2, #1
 204 003e 0792     		str	r2, [sp, #28]
 266:Core/Src/main.c ****   RCC_OscInitStruct.HSICalibrationValue = RCC_HSICALIBRATION_DEFAULT;
 205              		.loc 1 266 3 is_stmt 1 view .LVU36
 266:Core/Src/main.c ****   RCC_OscInitStruct.HSICalibrationValue = RCC_HSICALIBRATION_DEFAULT;
 206              		.loc 1 266 30 is_stmt 0 view .LVU37
 207 0040 4FF48073 		mov	r3, #256
 208 0044 0893     		str	r3, [sp, #32]
 267:Core/Src/main.c ****   RCC_OscInitStruct.PLL.PLLState = RCC_PLL_ON;
 209              		.loc 1 267 3 is_stmt 1 view .LVU38
 267:Core/Src/main.c ****   RCC_OscInitStruct.PLL.PLLState = RCC_PLL_ON;
 210              		.loc 1 267 41 is_stmt 0 view .LVU39
 211 0046 1023     		movs	r3, #16
 212 0048 0993     		str	r3, [sp, #36]
 268:Core/Src/main.c ****   RCC_OscInitStruct.PLL.PLLSource = RCC_PLLSOURCE_HSI;
 213              		.loc 1 268 3 is_stmt 1 view .LVU40
 268:Core/Src/main.c ****   RCC_OscInitStruct.PLL.PLLSource = RCC_PLLSOURCE_HSI;
 214              		.loc 1 268 34 is_stmt 0 view .LVU41
 215 004a 0223     		movs	r3, #2
 216 004c 0F93     		str	r3, [sp, #60]
 269:Core/Src/main.c ****   RCC_OscInitStruct.PLL.PLLM = 1;
 217              		.loc 1 269 3 is_stmt 1 view .LVU42
 269:Core/Src/main.c ****   RCC_OscInitStruct.PLL.PLLM = 1;
 218              		.loc 1 269 35 is_stmt 0 view .LVU43
 219 004e 1093     		str	r3, [sp, #64]
 270:Core/Src/main.c ****   RCC_OscInitStruct.PLL.PLLN = 10;
 220              		.loc 1 270 3 is_stmt 1 view .LVU44
 270:Core/Src/main.c ****   RCC_OscInitStruct.PLL.PLLN = 10;
 221              		.loc 1 270 30 is_stmt 0 view .LVU45
 222 0050 1192     		str	r2, [sp, #68]
 271:Core/Src/main.c ****   RCC_OscInitStruct.PLL.PLLP = RCC_PLLP_DIV7;
 223              		.loc 1 271 3 is_stmt 1 view .LVU46
 271:Core/Src/main.c ****   RCC_OscInitStruct.PLL.PLLP = RCC_PLLP_DIV7;
 224              		.loc 1 271 30 is_stmt 0 view .LVU47
 225 0052 0A22     		movs	r2, #10
 226 0054 1292     		str	r2, [sp, #72]
 272:Core/Src/main.c ****   RCC_OscInitStruct.PLL.PLLQ = RCC_PLLQ_DIV2;
 227              		.loc 1 272 3 is_stmt 1 view .LVU48
 272:Core/Src/main.c ****   RCC_OscInitStruct.PLL.PLLQ = RCC_PLLQ_DIV2;
 228              		.loc 1 272 30 is_stmt 0 view .LVU49
 229 0056 0722     		movs	r2, #7
 230 0058 1392     		str	r2, [sp, #76]
 273:Core/Src/main.c ****   RCC_OscInitStruct.PLL.PLLR = RCC_PLLR_DIV2;
 231              		.loc 1 273 3 is_stmt 1 view .LVU50
 273:Core/Src/main.c ****   RCC_OscInitStruct.PLL.PLLR = RCC_PLLR_DIV2;
 232              		.loc 1 273 30 is_stmt 0 view .LVU51
ARM GAS  C:\Users\solar\AppData\Local\Temp\ccR1jVFR.s 			page 15


 233 005a 1493     		str	r3, [sp, #80]
 274:Core/Src/main.c ****   if (HAL_RCC_OscConfig(&RCC_OscInitStruct) != HAL_OK)
 234              		.loc 1 274 3 is_stmt 1 view .LVU52
 274:Core/Src/main.c ****   if (HAL_RCC_OscConfig(&RCC_OscInitStruct) != HAL_OK)
 235              		.loc 1 274 30 is_stmt 0 view .LVU53
 236 005c 1593     		str	r3, [sp, #84]
 275:Core/Src/main.c ****   {
 237              		.loc 1 275 3 is_stmt 1 view .LVU54
 275:Core/Src/main.c ****   {
 238              		.loc 1 275 7 is_stmt 0 view .LVU55
 239 005e 05A8     		add	r0, sp, #20
 240 0060 FFF7FEFF 		bl	HAL_RCC_OscConfig
 241              	.LVL11:
 275:Core/Src/main.c ****   {
 242              		.loc 1 275 6 discriminator 1 view .LVU56
 243 0064 88B9     		cbnz	r0, .L19
 282:Core/Src/main.c ****                               |RCC_CLOCKTYPE_PCLK1|RCC_CLOCKTYPE_PCLK2;
 244              		.loc 1 282 3 is_stmt 1 view .LVU57
 282:Core/Src/main.c ****                               |RCC_CLOCKTYPE_PCLK1|RCC_CLOCKTYPE_PCLK2;
 245              		.loc 1 282 31 is_stmt 0 view .LVU58
 246 0066 0F23     		movs	r3, #15
 247 0068 0093     		str	r3, [sp]
 284:Core/Src/main.c ****   RCC_ClkInitStruct.AHBCLKDivider = RCC_SYSCLK_DIV1;
 248              		.loc 1 284 3 is_stmt 1 view .LVU59
 284:Core/Src/main.c ****   RCC_ClkInitStruct.AHBCLKDivider = RCC_SYSCLK_DIV1;
 249              		.loc 1 284 34 is_stmt 0 view .LVU60
 250 006a 0323     		movs	r3, #3
 251 006c 0193     		str	r3, [sp, #4]
 285:Core/Src/main.c ****   RCC_ClkInitStruct.APB1CLKDivider = RCC_HCLK_DIV1;
 252              		.loc 1 285 3 is_stmt 1 view .LVU61
 285:Core/Src/main.c ****   RCC_ClkInitStruct.APB1CLKDivider = RCC_HCLK_DIV1;
 253              		.loc 1 285 35 is_stmt 0 view .LVU62
 254 006e 0023     		movs	r3, #0
 255 0070 0293     		str	r3, [sp, #8]
 286:Core/Src/main.c ****   RCC_ClkInitStruct.APB2CLKDivider = RCC_HCLK_DIV1;
 256              		.loc 1 286 3 is_stmt 1 view .LVU63
 286:Core/Src/main.c ****   RCC_ClkInitStruct.APB2CLKDivider = RCC_HCLK_DIV1;
 257              		.loc 1 286 36 is_stmt 0 view .LVU64
 258 0072 0393     		str	r3, [sp, #12]
 287:Core/Src/main.c **** 
 259              		.loc 1 287 3 is_stmt 1 view .LVU65
 287:Core/Src/main.c **** 
 260              		.loc 1 287 36 is_stmt 0 view .LVU66
 261 0074 0493     		str	r3, [sp, #16]
 289:Core/Src/main.c ****   {
 262              		.loc 1 289 3 is_stmt 1 view .LVU67
 289:Core/Src/main.c ****   {
 263              		.loc 1 289 7 is_stmt 0 view .LVU68
 264 0076 0421     		movs	r1, #4
 265 0078 6846     		mov	r0, sp
 266 007a FFF7FEFF 		bl	HAL_RCC_ClockConfig
 267              	.LVL12:
 289:Core/Src/main.c ****   {
 268              		.loc 1 289 6 discriminator 1 view .LVU69
 269 007e 30B9     		cbnz	r0, .L20
 293:Core/Src/main.c **** 
 270              		.loc 1 293 1 view .LVU70
ARM GAS  C:\Users\solar\AppData\Local\Temp\ccR1jVFR.s 			page 16


 271 0080 17B0     		add	sp, sp, #92
 272              	.LCFI4:
 273              		.cfi_remember_state
 274              		.cfi_def_cfa_offset 4
 275              		@ sp needed
 276 0082 5DF804FB 		ldr	pc, [sp], #4
 277              	.L18:
 278              	.LCFI5:
 279              		.cfi_restore_state
 253:Core/Src/main.c ****   }
 280              		.loc 1 253 5 is_stmt 1 view .LVU71
 281 0086 FFF7FEFF 		bl	Error_Handler
 282              	.LVL13:
 283              	.L19:
 277:Core/Src/main.c ****   }
 284              		.loc 1 277 5 view .LVU72
 285 008a FFF7FEFF 		bl	Error_Handler
 286              	.LVL14:
 287              	.L20:
 291:Core/Src/main.c ****   }
 288              		.loc 1 291 5 view .LVU73
 289 008e FFF7FEFF 		bl	Error_Handler
 290              	.LVL15:
 291              	.L22:
 292 0092 00BF     		.align	2
 293              	.L21:
 294 0094 00100240 		.word	1073876992
 295              		.cfi_endproc
 296              	.LFE238:
 298              		.section	.rodata.main.str1.4,"aMS",%progbits,1
 299              		.align	2
 300              	.LC0:
 301 0000 4A454445 		.ascii	"JEDEC: %02X %02X %02X\015\012\000"
 301      433A2025 
 301      30325820 
 301      25303258 
 301      20253032 
 302              		.align	2
 303              	.LC1:
 304 0018 66616C5F 		.ascii	"fal_init = %d\015\012\000"
 304      696E6974 
 304      203D2025 
 304      640D0A00 
 305              		.align	2
 306              	.LC3:
 307 0028 6664625F 		.ascii	"fdb_kv\000"
 307      6B7600
 308 002f 00       		.align	2
 309              	.LC4:
 310 0030 70617274 		.ascii	"partition find failed\015\012\000"
 310      6974696F 
 310      6E206669 
 310      6E642066 
 310      61696C65 
 311              		.align	2
 312              	.LC5:
 313 0048 70617274 		.ascii	"partition ok: len=%ld\015\012\000"
ARM GAS  C:\Users\solar\AppData\Local\Temp\ccR1jVFR.s 			page 17


 313      6974696F 
 313      6E206F6B 
 313      3A206C65 
 313      6E3D256C 
 314              		.align	2
 315              	.LC6:
 316 0060 65726173 		.ascii	"erase ret = %d\015\012\000"
 316      65207265 
 316      74203D20 
 316      25640D0A 
 316      00
 317 0071 000000   		.align	2
 318              	.LC7:
 319 0074 77726974 		.ascii	"write ret = %d\015\012\000"
 319      65207265 
 319      74203D20 
 319      25640D0A 
 319      00
 320 0085 000000   		.align	2
 321              	.LC8:
 322 0088 72656164 		.ascii	"read ret = %d, data = %s\015\012\000"
 322      20726574 
 322      203D2025 
 322      642C2064 
 322      61746120 
 323 00a3 00       		.align	2
 324              	.LC9:
 325 00a4 6B766462 		.ascii	"kvdb1\000"
 325      3100
 326 00aa 0000     		.align	2
 327              	.LC10:
 328 00ac 6664625F 		.ascii	"fdb_kvdb_init = %d\015\012\000"
 328      6B766462 
 328      5F696E69 
 328      74203D20 
 328      25640D0A 
 329 00c1 000000   		.align	2
 330              	.LC11:
 331 00c4 736F6C61 		.ascii	"solar123\000"
 331      72313233 
 331      00
 332 00cd 000000   		.align	2
 333              	.LC12:
 334 00d0 6E616D65 		.ascii	"name\000"
 334      00
 335 00d5 000000   		.align	2
 336              	.LC13:
 337 00d8 6664625F 		.ascii	"fdb_kv_set = %d\015\012\000"
 337      6B765F73 
 337      6574203D 
 337      2025640D 
 337      0A00
 338 00ea 0000     		.align	2
 339              	.LC14:
 340 00ec 6E616D65 		.ascii	"name = %s\015\012\000"
 340      203D2025 
 340      730D0A00 
ARM GAS  C:\Users\solar\AppData\Local\Temp\ccR1jVFR.s 			page 18


 341              		.align	2
 342              	.LC15:
 343 00f8 72656164 		.ascii	"read failed\015\012\000"
 343      20666169 
 343      6C65640D 
 343      0A00
 344              		.section	.text.main,"ax",%progbits
 345              		.align	1
 346              		.global	main
 347              		.syntax unified
 348              		.thumb
 349              		.thumb_func
 351              	main:
 352              	.LFB237:
 109:Core/Src/main.c **** 
 353              		.loc 1 109 1 view -0
 354              		.cfi_startproc
 355              		@ args = 0, pretend = 0, frame = 168
 356              		@ frame_needed = 0, uses_anonymous_args = 0
 357 0000 F0B5     		push	{r4, r5, r6, r7, lr}
 358              	.LCFI6:
 359              		.cfi_def_cfa_offset 20
 360              		.cfi_offset 4, -20
 361              		.cfi_offset 5, -16
 362              		.cfi_offset 6, -12
 363              		.cfi_offset 7, -8
 364              		.cfi_offset 14, -4
 365 0002 ADB0     		sub	sp, sp, #180
 366              	.LCFI7:
 367              		.cfi_def_cfa_offset 200
 118:Core/Src/main.c **** 
 368              		.loc 1 118 3 view .LVU75
 369 0004 FFF7FEFF 		bl	HAL_Init
 370              	.LVL16:
 125:Core/Src/main.c **** 
 371              		.loc 1 125 3 view .LVU76
 372 0008 FFF7FEFF 		bl	SystemClock_Config
 373              	.LVL17:
 132:Core/Src/main.c ****   MX_SPI1_Init();
 374              		.loc 1 132 3 view .LVU77
 375 000c FFF7FEFF 		bl	MX_GPIO_Init
 376              	.LVL18:
 133:Core/Src/main.c ****   MX_I2C2_Init();
 377              		.loc 1 133 3 view .LVU78
 378 0010 FFF7FEFF 		bl	MX_SPI1_Init
 379              	.LVL19:
 134:Core/Src/main.c ****   MX_USART1_UART_Init();
 380              		.loc 1 134 3 view .LVU79
 381 0014 FFF7FEFF 		bl	MX_I2C2_Init
 382              	.LVL20:
 135:Core/Src/main.c ****   MX_SPI2_Init();
 383              		.loc 1 135 3 view .LVU80
 384 0018 FFF7FEFF 		bl	MX_USART1_UART_Init
 385              	.LVL21:
 136:Core/Src/main.c ****   MX_RTC_Init();
 386              		.loc 1 136 3 view .LVU81
 387 001c FFF7FEFF 		bl	MX_SPI2_Init
ARM GAS  C:\Users\solar\AppData\Local\Temp\ccR1jVFR.s 			page 19


 388              	.LVL22:
 137:Core/Src/main.c ****   /* USER CODE BEGIN 2 */
 389              		.loc 1 137 3 view .LVU82
 390 0020 FFF7FEFF 		bl	MX_RTC_Init
 391              	.LVL23:
 139:Core/Src/main.c **** 
 392              		.loc 1 139 1 view .LVU83
 393 0024 6420     		movs	r0, #100
 394 0026 FFF7FEFF 		bl	HAL_Delay
 395              	.LVL24:
 141:Core/Src/main.c **** ST7735_FillScreen(ST7735_WHITE);
 396              		.loc 1 141 1 view .LVU84
 397 002a FFF7FEFF 		bl	ST7735_Init
 398              	.LVL25:
 142:Core/Src/main.c **** 
 399              		.loc 1 142 1 view .LVU85
 400 002e 4FF6FF70 		movw	r0, #65535
 401 0032 FFF7FEFF 		bl	ST7735_FillScreen
 402              	.LVL26:
 144:Core/Src/main.c **** char msg[128] = {0};
 403              		.loc 1 144 1 view .LVU86
 145:Core/Src/main.c **** char *value = NULL;
 404              		.loc 1 145 1 view .LVU87
 145:Core/Src/main.c **** char *value = NULL;
 405              		.loc 1 145 6 is_stmt 0 view .LVU88
 406 0036 0CAD     		add	r5, sp, #48
 407 0038 8026     		movs	r6, #128
 408 003a 3246     		mov	r2, r6
 409 003c 0021     		movs	r1, #0
 410 003e 2846     		mov	r0, r5
 411 0040 FFF7FEFF 		bl	memset
 412              	.LVL27:
 146:Core/Src/main.c **** uint8_t mid = 0, type = 0, capacity = 0;
 413              		.loc 1 146 1 is_stmt 1 view .LVU89
 147:Core/Src/main.c **** fdb_err_t result_fal;
 414              		.loc 1 147 1 view .LVU90
 147:Core/Src/main.c **** fdb_err_t result_fal;
 415              		.loc 1 147 9 is_stmt 0 view .LVU91
 416 0044 0024     		movs	r4, #0
 417 0046 8DF82F40 		strb	r4, [sp, #47]
 147:Core/Src/main.c **** fdb_err_t result_fal;
 418              		.loc 1 147 18 view .LVU92
 419 004a 8DF82E40 		strb	r4, [sp, #46]
 147:Core/Src/main.c **** fdb_err_t result_fal;
 420              		.loc 1 147 28 view .LVU93
 421 004e 8DF82D40 		strb	r4, [sp, #45]
 148:Core/Src/main.c **** fdb_err_t result_kv;
 422              		.loc 1 148 1 is_stmt 1 view .LVU94
 149:Core/Src/main.c **** fdb_err_t result_set;
 423              		.loc 1 149 1 view .LVU95
 150:Core/Src/main.c **** 
 424              		.loc 1 150 1 view .LVU96
 153:Core/Src/main.c **** W25Q64_ReadJEDECID(&mid, &type, &capacity);
 425              		.loc 1 153 1 view .LVU97
 426 0052 FFF7FEFF 		bl	W25Q64_Init
 427              	.LVL28:
 154:Core/Src/main.c **** snprintf(msg, sizeof(msg), "JEDEC: %02X %02X %02X\r\n", mid, type, capacity);
ARM GAS  C:\Users\solar\AppData\Local\Temp\ccR1jVFR.s 			page 20


 428              		.loc 1 154 1 view .LVU98
 429 0056 0DF12D02 		add	r2, sp, #45
 430 005a 0DF12E01 		add	r1, sp, #46
 431 005e 0DF12F00 		add	r0, sp, #47
 432 0062 FFF7FEFF 		bl	W25Q64_ReadJEDECID
 433              	.LVL29:
 155:Core/Src/main.c **** HAL_UART_Transmit(&huart1, (uint8_t *)msg, strlen(msg), HAL_MAX_DELAY);
 434              		.loc 1 155 1 view .LVU99
 435 0066 9DF82D30 		ldrb	r3, [sp, #45]	@ zero_extendqisi2
 436 006a 0193     		str	r3, [sp, #4]
 437 006c 9DF82E30 		ldrb	r3, [sp, #46]	@ zero_extendqisi2
 438 0070 0093     		str	r3, [sp]
 439 0072 9DF82F30 		ldrb	r3, [sp, #47]	@ zero_extendqisi2
 440 0076 814A     		ldr	r2, .L31
 441 0078 3146     		mov	r1, r6
 442 007a 2846     		mov	r0, r5
 443 007c FFF7FEFF 		bl	snprintf
 444              	.LVL30:
 156:Core/Src/main.c **** 
 445              		.loc 1 156 1 view .LVU100
 156:Core/Src/main.c **** 
 446              		.loc 1 156 44 is_stmt 0 view .LVU101
 447 0080 2846     		mov	r0, r5
 448 0082 FFF7FEFF 		bl	strlen
 449              	.LVL31:
 156:Core/Src/main.c **** 
 450              		.loc 1 156 1 discriminator 1 view .LVU102
 451 0086 7E4F     		ldr	r7, .L31+4
 452 0088 4FF0FF33 		mov	r3, #-1
 453 008c 82B2     		uxth	r2, r0
 454 008e 2946     		mov	r1, r5
 455 0090 3846     		mov	r0, r7
 456 0092 FFF7FEFF 		bl	HAL_UART_Transmit
 457              	.LVL32:
 159:Core/Src/main.c **** snprintf(msg, sizeof(msg), "fal_init = %d\r\n", result_fal);
 458              		.loc 1 159 1 is_stmt 1 view .LVU103
 159:Core/Src/main.c **** snprintf(msg, sizeof(msg), "fal_init = %d\r\n", result_fal);
 459              		.loc 1 159 14 is_stmt 0 view .LVU104
 460 0096 FFF7FEFF 		bl	fal_init
 461              	.LVL33:
 160:Core/Src/main.c **** HAL_UART_Transmit(&huart1, (uint8_t *)msg, strlen(msg), HAL_MAX_DELAY);
 462              		.loc 1 160 1 is_stmt 1 view .LVU105
 463 009a C3B2     		uxtb	r3, r0
 464 009c 794A     		ldr	r2, .L31+8
 465 009e 3146     		mov	r1, r6
 466 00a0 2846     		mov	r0, r5
 467              	.LVL34:
 160:Core/Src/main.c **** HAL_UART_Transmit(&huart1, (uint8_t *)msg, strlen(msg), HAL_MAX_DELAY);
 468              		.loc 1 160 1 is_stmt 0 view .LVU106
 469 00a2 FFF7FEFF 		bl	snprintf
 470              	.LVL35:
 161:Core/Src/main.c **** const struct fal_partition *part;
 471              		.loc 1 161 1 is_stmt 1 view .LVU107
 161:Core/Src/main.c **** const struct fal_partition *part;
 472              		.loc 1 161 44 is_stmt 0 view .LVU108
 473 00a6 2846     		mov	r0, r5
 474 00a8 FFF7FEFF 		bl	strlen
ARM GAS  C:\Users\solar\AppData\Local\Temp\ccR1jVFR.s 			page 21


 475              	.LVL36:
 161:Core/Src/main.c **** const struct fal_partition *part;
 476              		.loc 1 161 1 discriminator 1 view .LVU109
 477 00ac 4FF0FF33 		mov	r3, #-1
 478 00b0 82B2     		uxth	r2, r0
 479 00b2 2946     		mov	r1, r5
 480 00b4 3846     		mov	r0, r7
 481 00b6 FFF7FEFF 		bl	HAL_UART_Transmit
 482              	.LVL37:
 162:Core/Src/main.c **** uint8_t test_wbuf[16] = "hello_flashdb";
 483              		.loc 1 162 1 is_stmt 1 view .LVU110
 163:Core/Src/main.c **** uint8_t test_rbuf[16] = {0};
 484              		.loc 1 163 1 view .LVU111
 163:Core/Src/main.c **** uint8_t test_rbuf[16] = {0};
 485              		.loc 1 163 9 is_stmt 0 view .LVU112
 486 00ba 734B     		ldr	r3, .L31+12
 487 00bc 07AD     		add	r5, sp, #28
 488 00be 0FCB     		ldm	r3, {r0, r1, r2, r3}
 489 00c0 07C5     		stmia	r5!, {r0, r1, r2}
 490 00c2 2B80     		strh	r3, [r5]	@ movhi
 491 00c4 ADF82A40 		strh	r4, [sp, #42]	@ movhi
 164:Core/Src/main.c **** int rlen, wlen, elen;
 492              		.loc 1 164 1 is_stmt 1 view .LVU113
 164:Core/Src/main.c **** int rlen, wlen, elen;
 493              		.loc 1 164 9 is_stmt 0 view .LVU114
 494 00c8 0394     		str	r4, [sp, #12]
 495 00ca 0494     		str	r4, [sp, #16]
 496 00cc 0594     		str	r4, [sp, #20]
 497 00ce 0694     		str	r4, [sp, #24]
 165:Core/Src/main.c **** 
 498              		.loc 1 165 1 is_stmt 1 view .LVU115
 168:Core/Src/main.c **** if (part == NULL)
 499              		.loc 1 168 1 view .LVU116
 168:Core/Src/main.c **** if (part == NULL)
 500              		.loc 1 168 8 is_stmt 0 view .LVU117
 501 00d0 6E48     		ldr	r0, .L31+16
 502 00d2 FFF7FEFF 		bl	fal_partition_find
 503              	.LVL38:
 169:Core/Src/main.c **** {
 504              		.loc 1 169 1 is_stmt 1 view .LVU118
 169:Core/Src/main.c **** {
 505              		.loc 1 169 4 is_stmt 0 view .LVU119
 506 00d6 0028     		cmp	r0, #0
 507 00d8 00F0B680 		beq	.L30
 508 00dc 0546     		mov	r5, r0
 176:Core/Src/main.c ****     HAL_UART_Transmit(&huart1, (uint8_t *)msg, strlen(msg), HAL_MAX_DELAY);
 509              		.loc 1 176 5 is_stmt 1 view .LVU120
 510 00de 0CAC     		add	r4, sp, #48
 511 00e0 836B     		ldr	r3, [r0, #56]
 512 00e2 6B4A     		ldr	r2, .L31+20
 513 00e4 8021     		movs	r1, #128
 514 00e6 2046     		mov	r0, r4
 515              	.LVL39:
 176:Core/Src/main.c ****     HAL_UART_Transmit(&huart1, (uint8_t *)msg, strlen(msg), HAL_MAX_DELAY);
 516              		.loc 1 176 5 is_stmt 0 view .LVU121
 517 00e8 FFF7FEFF 		bl	snprintf
 518              	.LVL40:
ARM GAS  C:\Users\solar\AppData\Local\Temp\ccR1jVFR.s 			page 22


 177:Core/Src/main.c **** 
 519              		.loc 1 177 5 is_stmt 1 view .LVU122
 177:Core/Src/main.c **** 
 520              		.loc 1 177 48 is_stmt 0 view .LVU123
 521 00ec 2046     		mov	r0, r4
 522 00ee FFF7FEFF 		bl	strlen
 523              	.LVL41:
 177:Core/Src/main.c **** 
 524              		.loc 1 177 5 discriminator 1 view .LVU124
 525 00f2 634E     		ldr	r6, .L31+4
 526 00f4 4FF0FF33 		mov	r3, #-1
 527 00f8 82B2     		uxth	r2, r0
 528 00fa 2146     		mov	r1, r4
 529 00fc 3046     		mov	r0, r6
 530 00fe FFF7FEFF 		bl	HAL_UART_Transmit
 531              	.LVL42:
 180:Core/Src/main.c ****     snprintf(msg, sizeof(msg), "erase ret = %d\r\n", elen);
 532              		.loc 1 180 5 is_stmt 1 view .LVU125
 180:Core/Src/main.c ****     snprintf(msg, sizeof(msg), "erase ret = %d\r\n", elen);
 533              		.loc 1 180 12 is_stmt 0 view .LVU126
 534 0102 4FF48052 		mov	r2, #4096
 535 0106 0021     		movs	r1, #0
 536 0108 2846     		mov	r0, r5
 537 010a FFF7FEFF 		bl	fal_partition_erase
 538              	.LVL43:
 539 010e 0346     		mov	r3, r0
 540              	.LVL44:
 181:Core/Src/main.c ****     HAL_UART_Transmit(&huart1, (uint8_t *)msg, strlen(msg), HAL_MAX_DELAY);
 541              		.loc 1 181 5 is_stmt 1 view .LVU127
 542 0110 604A     		ldr	r2, .L31+24
 543 0112 8021     		movs	r1, #128
 544 0114 2046     		mov	r0, r4
 545              	.LVL45:
 181:Core/Src/main.c ****     HAL_UART_Transmit(&huart1, (uint8_t *)msg, strlen(msg), HAL_MAX_DELAY);
 546              		.loc 1 181 5 is_stmt 0 view .LVU128
 547 0116 FFF7FEFF 		bl	snprintf
 548              	.LVL46:
 182:Core/Src/main.c **** 
 549              		.loc 1 182 5 is_stmt 1 view .LVU129
 182:Core/Src/main.c **** 
 550              		.loc 1 182 48 is_stmt 0 view .LVU130
 551 011a 2046     		mov	r0, r4
 552 011c FFF7FEFF 		bl	strlen
 553              	.LVL47:
 182:Core/Src/main.c **** 
 554              		.loc 1 182 5 discriminator 1 view .LVU131
 555 0120 4FF0FF33 		mov	r3, #-1
 556 0124 82B2     		uxth	r2, r0
 557 0126 2146     		mov	r1, r4
 558 0128 3046     		mov	r0, r6
 559 012a FFF7FEFF 		bl	HAL_UART_Transmit
 560              	.LVL48:
 185:Core/Src/main.c ****     snprintf(msg, sizeof(msg), "write ret = %d\r\n", wlen);
 561              		.loc 1 185 5 is_stmt 1 view .LVU132
 185:Core/Src/main.c ****     snprintf(msg, sizeof(msg), "write ret = %d\r\n", wlen);
 562              		.loc 1 185 12 is_stmt 0 view .LVU133
 563 012e 1023     		movs	r3, #16
ARM GAS  C:\Users\solar\AppData\Local\Temp\ccR1jVFR.s 			page 23


 564 0130 07AA     		add	r2, sp, #28
 565 0132 0021     		movs	r1, #0
 566 0134 2846     		mov	r0, r5
 567 0136 FFF7FEFF 		bl	fal_partition_write
 568              	.LVL49:
 569 013a 0346     		mov	r3, r0
 570              	.LVL50:
 186:Core/Src/main.c ****     HAL_UART_Transmit(&huart1, (uint8_t *)msg, strlen(msg), HAL_MAX_DELAY);
 571              		.loc 1 186 5 is_stmt 1 view .LVU134
 572 013c 564A     		ldr	r2, .L31+28
 573 013e 8021     		movs	r1, #128
 574 0140 2046     		mov	r0, r4
 575              	.LVL51:
 186:Core/Src/main.c ****     HAL_UART_Transmit(&huart1, (uint8_t *)msg, strlen(msg), HAL_MAX_DELAY);
 576              		.loc 1 186 5 is_stmt 0 view .LVU135
 577 0142 FFF7FEFF 		bl	snprintf
 578              	.LVL52:
 187:Core/Src/main.c **** 
 579              		.loc 1 187 5 is_stmt 1 view .LVU136
 187:Core/Src/main.c **** 
 580              		.loc 1 187 48 is_stmt 0 view .LVU137
 581 0146 2046     		mov	r0, r4
 582 0148 FFF7FEFF 		bl	strlen
 583              	.LVL53:
 187:Core/Src/main.c **** 
 584              		.loc 1 187 5 discriminator 1 view .LVU138
 585 014c 4FF0FF33 		mov	r3, #-1
 586 0150 82B2     		uxth	r2, r0
 587 0152 2146     		mov	r1, r4
 588 0154 3046     		mov	r0, r6
 589 0156 FFF7FEFF 		bl	HAL_UART_Transmit
 590              	.LVL54:
 190:Core/Src/main.c ****     snprintf(msg, sizeof(msg), "read ret = %d, data = %s\r\n", rlen, test_rbuf);
 591              		.loc 1 190 5 is_stmt 1 view .LVU139
 190:Core/Src/main.c ****     snprintf(msg, sizeof(msg), "read ret = %d, data = %s\r\n", rlen, test_rbuf);
 592              		.loc 1 190 12 is_stmt 0 view .LVU140
 593 015a 03AF     		add	r7, sp, #12
 594 015c 1023     		movs	r3, #16
 595 015e 3A46     		mov	r2, r7
 596 0160 0021     		movs	r1, #0
 597 0162 2846     		mov	r0, r5
 598 0164 FFF7FEFF 		bl	fal_partition_read
 599              	.LVL55:
 600 0168 0346     		mov	r3, r0
 601              	.LVL56:
 191:Core/Src/main.c ****     HAL_UART_Transmit(&huart1, (uint8_t *)msg, strlen(msg), HAL_MAX_DELAY);
 602              		.loc 1 191 5 is_stmt 1 view .LVU141
 603 016a 0097     		str	r7, [sp]
 604 016c 4B4A     		ldr	r2, .L31+32
 605 016e 8021     		movs	r1, #128
 606 0170 2046     		mov	r0, r4
 607              	.LVL57:
 191:Core/Src/main.c ****     HAL_UART_Transmit(&huart1, (uint8_t *)msg, strlen(msg), HAL_MAX_DELAY);
 608              		.loc 1 191 5 is_stmt 0 view .LVU142
 609 0172 FFF7FEFF 		bl	snprintf
 610              	.LVL58:
 192:Core/Src/main.c **** }
ARM GAS  C:\Users\solar\AppData\Local\Temp\ccR1jVFR.s 			page 24


 611              		.loc 1 192 5 is_stmt 1 view .LVU143
 192:Core/Src/main.c **** }
 612              		.loc 1 192 48 is_stmt 0 view .LVU144
 613 0176 2046     		mov	r0, r4
 614 0178 FFF7FEFF 		bl	strlen
 615              	.LVL59:
 192:Core/Src/main.c **** }
 616              		.loc 1 192 5 discriminator 1 view .LVU145
 617 017c 4FF0FF33 		mov	r3, #-1
 618 0180 82B2     		uxth	r2, r0
 619 0182 2146     		mov	r1, r4
 620 0184 3046     		mov	r0, r6
 621 0186 FFF7FEFF 		bl	HAL_UART_Transmit
 622              	.LVL60:
 623              	.L25:
 195:Core/Src/main.c **** snprintf(msg, sizeof(msg), "fdb_kvdb_init = %d\r\n", result_kv);
 624              		.loc 1 195 1 is_stmt 1 view .LVU146
 195:Core/Src/main.c **** snprintf(msg, sizeof(msg), "fdb_kvdb_init = %d\r\n", result_kv);
 625              		.loc 1 195 13 is_stmt 0 view .LVU147
 626 018a 454D     		ldr	r5, .L31+36
 627 018c 0023     		movs	r3, #0
 628 018e 0093     		str	r3, [sp]
 629 0190 444B     		ldr	r3, .L31+40
 630 0192 3E4A     		ldr	r2, .L31+16
 631 0194 4449     		ldr	r1, .L31+44
 632 0196 2846     		mov	r0, r5
 633 0198 FFF7FEFF 		bl	fdb_kvdb_init
 634              	.LVL61:
 635 019c 0346     		mov	r3, r0
 636              	.LVL62:
 196:Core/Src/main.c **** HAL_UART_Transmit(&huart1, (uint8_t *)msg, strlen(msg), HAL_MAX_DELAY);
 637              		.loc 1 196 1 is_stmt 1 view .LVU148
 638 019e 0CAC     		add	r4, sp, #48
 639 01a0 424A     		ldr	r2, .L31+48
 640 01a2 8021     		movs	r1, #128
 641 01a4 2046     		mov	r0, r4
 642 01a6 FFF7FEFF 		bl	snprintf
 643              	.LVL63:
 197:Core/Src/main.c **** 
 644              		.loc 1 197 1 view .LVU149
 197:Core/Src/main.c **** 
 645              		.loc 1 197 44 is_stmt 0 view .LVU150
 646 01aa 2046     		mov	r0, r4
 647 01ac FFF7FEFF 		bl	strlen
 648              	.LVL64:
 197:Core/Src/main.c **** 
 649              		.loc 1 197 1 discriminator 1 view .LVU151
 650 01b0 334F     		ldr	r7, .L31+4
 651 01b2 4FF0FF33 		mov	r3, #-1
 652 01b6 82B2     		uxth	r2, r0
 653 01b8 2146     		mov	r1, r4
 654 01ba 3846     		mov	r0, r7
 655 01bc FFF7FEFF 		bl	HAL_UART_Transmit
 656              	.LVL65:
 200:Core/Src/main.c **** snprintf(msg, sizeof(msg), "fdb_kv_set = %d\r\n", result_set);
 657              		.loc 1 200 1 is_stmt 1 view .LVU152
 200:Core/Src/main.c **** snprintf(msg, sizeof(msg), "fdb_kv_set = %d\r\n", result_set);
ARM GAS  C:\Users\solar\AppData\Local\Temp\ccR1jVFR.s 			page 25


 658              		.loc 1 200 14 is_stmt 0 view .LVU153
 659 01c0 3B4E     		ldr	r6, .L31+52
 660 01c2 3C4A     		ldr	r2, .L31+56
 661 01c4 3146     		mov	r1, r6
 662 01c6 2846     		mov	r0, r5
 663 01c8 FFF7FEFF 		bl	fdb_kv_set
 664              	.LVL66:
 665 01cc 0346     		mov	r3, r0
 666              	.LVL67:
 201:Core/Src/main.c **** HAL_UART_Transmit(&huart1, (uint8_t *)msg, strlen(msg), HAL_MAX_DELAY);
 667              		.loc 1 201 1 is_stmt 1 view .LVU154
 668 01ce 3A4A     		ldr	r2, .L31+60
 669 01d0 8021     		movs	r1, #128
 670 01d2 2046     		mov	r0, r4
 671 01d4 FFF7FEFF 		bl	snprintf
 672              	.LVL68:
 202:Core/Src/main.c **** 
 673              		.loc 1 202 1 view .LVU155
 202:Core/Src/main.c **** 
 674              		.loc 1 202 44 is_stmt 0 view .LVU156
 675 01d8 2046     		mov	r0, r4
 676 01da FFF7FEFF 		bl	strlen
 677              	.LVL69:
 202:Core/Src/main.c **** 
 678              		.loc 1 202 1 discriminator 1 view .LVU157
 679 01de 4FF0FF33 		mov	r3, #-1
 680 01e2 82B2     		uxth	r2, r0
 681 01e4 2146     		mov	r1, r4
 682 01e6 3846     		mov	r0, r7
 683 01e8 FFF7FEFF 		bl	HAL_UART_Transmit
 684              	.LVL70:
 205:Core/Src/main.c **** if (value != NULL)
 685              		.loc 1 205 1 is_stmt 1 view .LVU158
 205:Core/Src/main.c **** if (value != NULL)
 686              		.loc 1 205 9 is_stmt 0 view .LVU159
 687 01ec 3146     		mov	r1, r6
 688 01ee 2846     		mov	r0, r5
 689 01f0 FFF7FEFF 		bl	fdb_kv_get
 690              	.LVL71:
 206:Core/Src/main.c **** {
 691              		.loc 1 206 1 is_stmt 1 view .LVU160
 206:Core/Src/main.c **** {
 692              		.loc 1 206 4 is_stmt 0 view .LVU161
 693 01f4 0346     		mov	r3, r0
 694 01f6 0028     		cmp	r0, #0
 695 01f8 3AD0     		beq	.L26
 208:Core/Src/main.c **** }
 696              		.loc 1 208 5 is_stmt 1 view .LVU162
 697 01fa 304A     		ldr	r2, .L31+64
 698 01fc 8021     		movs	r1, #128
 699 01fe 2046     		mov	r0, r4
 700              	.LVL72:
 208:Core/Src/main.c **** }
 701              		.loc 1 208 5 is_stmt 0 view .LVU163
 702 0200 FFF7FEFF 		bl	snprintf
 703              	.LVL73:
 704              	.L27:
ARM GAS  C:\Users\solar\AppData\Local\Temp\ccR1jVFR.s 			page 26


 214:Core/Src/main.c ****     /* USER CODE END 2 */
 705              		.loc 1 214 1 is_stmt 1 view .LVU164
 214:Core/Src/main.c ****     /* USER CODE END 2 */
 706              		.loc 1 214 44 is_stmt 0 view .LVU165
 707 0204 0CAC     		add	r4, sp, #48
 708 0206 2046     		mov	r0, r4
 709 0208 FFF7FEFF 		bl	strlen
 710              	.LVL74:
 214:Core/Src/main.c ****     /* USER CODE END 2 */
 711              		.loc 1 214 1 discriminator 1 view .LVU166
 712 020c 4FF0FF33 		mov	r3, #-1
 713 0210 82B2     		uxth	r2, r0
 714 0212 2146     		mov	r1, r4
 715 0214 1A48     		ldr	r0, .L31+4
 716 0216 FFF7FEFF 		bl	HAL_UART_Transmit
 717              	.LVL75:
 218:Core/Src/main.c ****   MX_FREERTOS_Init();
 718              		.loc 1 218 3 is_stmt 1 view .LVU167
 719 021a FFF7FEFF 		bl	osKernelInitialize
 720              	.LVL76:
 219:Core/Src/main.c **** 
 721              		.loc 1 219 3 view .LVU168
 722 021e FFF7FEFF 		bl	MX_FREERTOS_Init
 723              	.LVL77:
 222:Core/Src/main.c **** 
 724              		.loc 1 222 3 view .LVU169
 725 0222 FFF7FEFF 		bl	osKernelStart
 726              	.LVL78:
 144:Core/Src/main.c **** char msg[128] = {0};
 727              		.loc 1 144 9 is_stmt 0 view .LVU170
 728 0226 0124     		movs	r4, #1
 729              	.LVL79:
 730              	.L28:
 228:Core/Src/main.c ****   {
 731              		.loc 1 228 3 is_stmt 1 view .LVU171
 230:Core/Src/main.c ****   cc++;
 732              		.loc 1 230 3 view .LVU172
 733 0228 4FF6FF73 		movw	r3, #65535
 734 022c 0093     		str	r3, [sp]
 735 022e 0023     		movs	r3, #0
 736 0230 2246     		mov	r2, r4
 737 0232 5021     		movs	r1, #80
 738 0234 1846     		mov	r0, r3
 739 0236 FFF7FEFF 		bl	LCD_ShowUInt
 740              	.LVL80:
 231:Core/Src/main.c ****   HAL_Delay(500);
 741              		.loc 1 231 3 view .LVU173
 231:Core/Src/main.c ****   HAL_Delay(500);
 742              		.loc 1 231 5 is_stmt 0 view .LVU174
 743 023a 0134     		adds	r4, r4, #1
 744              	.LVL81:
 231:Core/Src/main.c ****   HAL_Delay(500);
 745              		.loc 1 231 5 view .LVU175
 746 023c E4B2     		uxtb	r4, r4
 747              	.LVL82:
 232:Core/Src/main.c ****     /* USER CODE END WHILE */
 748              		.loc 1 232 3 is_stmt 1 discriminator 1 view .LVU176
ARM GAS  C:\Users\solar\AppData\Local\Temp\ccR1jVFR.s 			page 27


 749 023e 4FF4FA70 		mov	r0, #500
 750 0242 FFF7FEFF 		bl	HAL_Delay
 751              	.LVL83:
 228:Core/Src/main.c ****   {
 752              		.loc 1 228 9 view .LVU177
 753 0246 EFE7     		b	.L28
 754              	.LVL84:
 755              	.L30:
 171:Core/Src/main.c ****     HAL_UART_Transmit(&huart1, (uint8_t *)msg, strlen(msg), HAL_MAX_DELAY);
 756              		.loc 1 171 5 view .LVU178
 757 0248 0CAE     		add	r6, sp, #48
 758 024a 3446     		mov	r4, r6
 759 024c 1C4D     		ldr	r5, .L31+68
 760 024e 0FCD     		ldmia	r5!, {r0, r1, r2, r3}
 761              	.LVL85:
 171:Core/Src/main.c ****     HAL_UART_Transmit(&huart1, (uint8_t *)msg, strlen(msg), HAL_MAX_DELAY);
 762              		.loc 1 171 5 is_stmt 0 view .LVU179
 763 0250 0FC4     		stmia	r4!, {r0, r1, r2, r3}
 764 0252 95E80300 		ldm	r5, {r0, r1}
 765 0256 84E80300 		stm	r4, {r0, r1}
 172:Core/Src/main.c **** }
 766              		.loc 1 172 5 is_stmt 1 view .LVU180
 172:Core/Src/main.c **** }
 767              		.loc 1 172 48 is_stmt 0 view .LVU181
 768 025a 3046     		mov	r0, r6
 769 025c FFF7FEFF 		bl	strlen
 770              	.LVL86:
 172:Core/Src/main.c **** }
 771              		.loc 1 172 5 discriminator 1 view .LVU182
 772 0260 4FF0FF33 		mov	r3, #-1
 773 0264 82B2     		uxth	r2, r0
 774 0266 3146     		mov	r1, r6
 775 0268 3846     		mov	r0, r7
 776 026a FFF7FEFF 		bl	HAL_UART_Transmit
 777              	.LVL87:
 778 026e 8CE7     		b	.L25
 779              	.LVL88:
 780              	.L26:
 212:Core/Src/main.c **** }
 781              		.loc 1 212 5 is_stmt 1 view .LVU183
 782 0270 144B     		ldr	r3, .L31+72
 783 0272 0CAC     		add	r4, sp, #48
 784 0274 0FCB     		ldm	r3, {r0, r1, r2, r3}
 785              	.LVL89:
 212:Core/Src/main.c **** }
 786              		.loc 1 212 5 is_stmt 0 view .LVU184
 787 0276 07C4     		stmia	r4!, {r0, r1, r2}
 788 0278 2380     		strh	r3, [r4]	@ movhi
 789 027a C3E7     		b	.L27
 790              	.L32:
 791              		.align	2
 792              	.L31:
 793 027c 00000000 		.word	.LC0
 794 0280 00000000 		.word	huart1
 795 0284 18000000 		.word	.LC1
 796 0288 00000000 		.word	.LANCHOR0
 797 028c 28000000 		.word	.LC3
ARM GAS  C:\Users\solar\AppData\Local\Temp\ccR1jVFR.s 			page 28


 798 0290 48000000 		.word	.LC5
 799 0294 60000000 		.word	.LC6
 800 0298 74000000 		.word	.LC7
 801 029c 88000000 		.word	.LC8
 802 02a0 00000000 		.word	kvdb
 803 02a4 00000000 		.word	default_kv_table
 804 02a8 A4000000 		.word	.LC9
 805 02ac AC000000 		.word	.LC10
 806 02b0 D0000000 		.word	.LC12
 807 02b4 C4000000 		.word	.LC11
 808 02b8 D8000000 		.word	.LC13
 809 02bc EC000000 		.word	.LC14
 810 02c0 30000000 		.word	.LC4
 811 02c4 F8000000 		.word	.LC15
 812              		.cfi_endproc
 813              	.LFE237:
 815              		.section	.data.default_kv_table,"aw"
 816              		.align	2
 819              	default_kv_table:
 820 0000 00000000 		.word	default_kv_nodes
 821 0004 02000000 		.word	2
 822              		.section	.rodata.str1.4,"aMS",%progbits,1
 823              		.align	2
 824              	.LC16:
 825 0000 736F6C61 		.ascii	"solar\000"
 825      7200
 826 0006 0000     		.align	2
 827              	.LC17:
 828 0008 6D6F6465 		.ascii	"mode\000"
 828      00
 829 000d 000000   		.align	2
 830              	.LC18:
 831 0010 3100     		.ascii	"1\000"
 832              		.section	.data.default_kv_nodes,"aw"
 833              		.align	2
 836              	default_kv_nodes:
 837 0000 D0000000 		.word	.LC12
 838 0004 00000000 		.word	.LC16
 839 0008 00000000 		.space	4
 840 000c 08000000 		.word	.LC17
 841 0010 10000000 		.word	.LC18
 842 0014 00000000 		.space	4
 843              		.section	.bss.kvdb,"aw",%nobits
 844              		.align	2
 847              	kvdb:
 848 0000 00000000 		.space	876
 848      00000000 
 848      00000000 
 848      00000000 
 848      00000000 
 849              		.section	.rodata
 850              		.align	2
 851              		.set	.LANCHOR0,. + 0
 852              	.LC2:
 853 0000 68656C6C 		.ascii	"hello_flashdb\000"
 853      6F5F666C 
 853      61736864 
ARM GAS  C:\Users\solar\AppData\Local\Temp\ccR1jVFR.s 			page 29


 853      6200
 854 000e 0000     		.space	2
 855              		.text
 856              	.Letext0:
 857              		.file 3 "C:/Program Files (x86)/Arm GNU Toolchain arm-none-eabi/14.3 rel1/arm-none-eabi/include/ma
 858              		.file 4 "C:/Program Files (x86)/Arm GNU Toolchain arm-none-eabi/14.3 rel1/arm-none-eabi/include/sy
 859              		.file 5 "Drivers/CMSIS/Device/ST/STM32L4xx/Include/stm32l431xx.h"
 860              		.file 6 "C:/Program Files (x86)/Arm GNU Toolchain arm-none-eabi/14.3 rel1/lib/gcc/arm-none-eabi/14
 861              		.file 7 "Drivers/STM32L4xx_HAL_Driver/Inc/stm32l4xx_hal_def.h"
 862              		.file 8 "Drivers/STM32L4xx_HAL_Driver/Inc/stm32l4xx_hal_rcc.h"
 863              		.file 9 "Drivers/STM32L4xx_HAL_Driver/Inc/stm32l4xx_hal_dma.h"
 864              		.file 10 "Drivers/STM32L4xx_HAL_Driver/Inc/stm32l4xx_hal_tim.h"
 865              		.file 11 "Drivers/STM32L4xx_HAL_Driver/Inc/stm32l4xx_hal_uart.h"
 866              		.file 12 "Middlewares/Third_Party/FreeRTOS/Source/CMSIS_RTOS_V2/cmsis_os2.h"
 867              		.file 13 "BSP/inc/fal_def.h"
 868              		.file 14 "BSP/inc/fdb_def.h"
 869              		.file 15 "Drivers/STM32L4xx_HAL_Driver/Inc/stm32l4xx_ll_dma.h"
 870              		.file 16 "Drivers/STM32L4xx_HAL_Driver/Inc/stm32l4xx_hal.h"
 871              		.file 17 "Drivers/STM32L4xx_HAL_Driver/Inc/stm32l4xx_hal_pwr.h"
 872              		.file 18 "Drivers/STM32L4xx_HAL_Driver/Inc/stm32l4xx_hal_pwr_ex.h"
 873              		.file 19 "BSP/inc/flashdb.h"
 874              		.file 20 "BSP/inc/fal.h"
 875              		.file 21 "C:/Program Files (x86)/Arm GNU Toolchain arm-none-eabi/14.3 rel1/arm-none-eabi/include/s
 876              		.file 22 "Core/Inc/lcd_text.h"
 877              		.file 23 "Core/Inc/w25q64.h"
 878              		.file 24 "Core/Inc/st7735.h"
 879              		.file 25 "Core/Inc/rtc.h"
 880              		.file 26 "Core/Inc/spi.h"
 881              		.file 27 "Core/Inc/usart.h"
 882              		.file 28 "Core/Inc/i2c.h"
 883              		.file 29 "Core/Inc/gpio.h"
 884              		.file 30 "C:/Program Files (x86)/Arm GNU Toolchain arm-none-eabi/14.3 rel1/arm-none-eabi/include/s
 885              		.file 31 "<built-in>"
ARM GAS  C:\Users\solar\AppData\Local\Temp\ccR1jVFR.s 			page 30


DEFINED SYMBOLS
                            *ABS*:00000000 main.c
C:\Users\solar\AppData\Local\Temp\ccR1jVFR.s:21     .text.UART1_SendString:00000000 $t
C:\Users\solar\AppData\Local\Temp\ccR1jVFR.s:27     .text.UART1_SendString:00000000 UART1_SendString
C:\Users\solar\AppData\Local\Temp\ccR1jVFR.s:59     .text.UART1_SendString:00000018 $d
C:\Users\solar\AppData\Local\Temp\ccR1jVFR.s:64     .text.HAL_TIM_PeriodElapsedCallback:00000000 $t
C:\Users\solar\AppData\Local\Temp\ccR1jVFR.s:70     .text.HAL_TIM_PeriodElapsedCallback:00000000 HAL_TIM_PeriodElapsedCallback
C:\Users\solar\AppData\Local\Temp\ccR1jVFR.s:104    .text.HAL_TIM_PeriodElapsedCallback:00000014 $d
C:\Users\solar\AppData\Local\Temp\ccR1jVFR.s:109    .text.Error_Handler:00000000 $t
C:\Users\solar\AppData\Local\Temp\ccR1jVFR.s:115    .text.Error_Handler:00000000 Error_Handler
C:\Users\solar\AppData\Local\Temp\ccR1jVFR.s:147    .text.SystemClock_Config:00000000 $t
C:\Users\solar\AppData\Local\Temp\ccR1jVFR.s:153    .text.SystemClock_Config:00000000 SystemClock_Config
C:\Users\solar\AppData\Local\Temp\ccR1jVFR.s:294    .text.SystemClock_Config:00000094 $d
C:\Users\solar\AppData\Local\Temp\ccR1jVFR.s:299    .rodata.main.str1.4:00000000 $d
C:\Users\solar\AppData\Local\Temp\ccR1jVFR.s:345    .text.main:00000000 $t
C:\Users\solar\AppData\Local\Temp\ccR1jVFR.s:351    .text.main:00000000 main
C:\Users\solar\AppData\Local\Temp\ccR1jVFR.s:793    .text.main:0000027c $d
C:\Users\solar\AppData\Local\Temp\ccR1jVFR.s:847    .bss.kvdb:00000000 kvdb
C:\Users\solar\AppData\Local\Temp\ccR1jVFR.s:819    .data.default_kv_table:00000000 default_kv_table
C:\Users\solar\AppData\Local\Temp\ccR1jVFR.s:816    .data.default_kv_table:00000000 $d
C:\Users\solar\AppData\Local\Temp\ccR1jVFR.s:836    .data.default_kv_nodes:00000000 default_kv_nodes
C:\Users\solar\AppData\Local\Temp\ccR1jVFR.s:823    .rodata.str1.4:00000000 $d
C:\Users\solar\AppData\Local\Temp\ccR1jVFR.s:833    .data.default_kv_nodes:00000000 $d
C:\Users\solar\AppData\Local\Temp\ccR1jVFR.s:844    .bss.kvdb:00000000 $d
C:\Users\solar\AppData\Local\Temp\ccR1jVFR.s:850    .rodata:00000000 $d

UNDEFINED SYMBOLS
strlen
HAL_UART_Transmit
huart1
HAL_IncTick
memset
HAL_PWREx_ControlVoltageScaling
HAL_PWR_EnableBkUpAccess
HAL_RCC_OscConfig
HAL_RCC_ClockConfig
HAL_Init
MX_GPIO_Init
MX_SPI1_Init
MX_I2C2_Init
MX_USART1_UART_Init
MX_SPI2_Init
MX_RTC_Init
HAL_Delay
ST7735_Init
ST7735_FillScreen
W25Q64_Init
W25Q64_ReadJEDECID
snprintf
fal_init
fal_partition_find
fal_partition_erase
fal_partition_write
fal_partition_read
fdb_kvdb_init
fdb_kv_set
fdb_kv_get
ARM GAS  C:\Users\solar\AppData\Local\Temp\ccR1jVFR.s 			page 31


osKernelInitialize
MX_FREERTOS_Init
osKernelStart
LCD_ShowUInt
