ARM GAS  C:\Users\solar\AppData\Local\Temp\cckzjQQs.s 			page 1


   1              		.cpu cortex-m4
   2              		.arch armv7e-m
   3              		.fpu fpv4-sp-d16
   4              		.eabi_attribute 27, 1
   5              		.eabi_attribute 28, 1
   6              		.eabi_attribute 20, 1
   7              		.eabi_attribute 21, 1
   8              		.eabi_attribute 23, 3
   9              		.eabi_attribute 24, 1
  10              		.eabi_attribute 25, 1
  11              		.eabi_attribute 26, 1
  12              		.eabi_attribute 30, 1
  13              		.eabi_attribute 34, 1
  14              		.eabi_attribute 18, 4
  15              		.file	"rtc.c"
  16              		.text
  17              	.Ltext0:
  18              		.cfi_sections	.debug_frame
  19              		.file 1 "Core/Src/rtc.c"
  20              		.section	.text.MX_RTC_Init,"ax",%progbits
  21              		.align	1
  22              		.global	MX_RTC_Init
  23              		.syntax unified
  24              		.thumb
  25              		.thumb_func
  27              	MX_RTC_Init:
  28              	.LFB228:
   1:Core/Src/rtc.c **** /* USER CODE BEGIN Header */
   2:Core/Src/rtc.c **** /**
   3:Core/Src/rtc.c ****   ******************************************************************************
   4:Core/Src/rtc.c ****   * @file    rtc.c
   5:Core/Src/rtc.c ****   * @brief   This file provides code for the configuration
   6:Core/Src/rtc.c ****   *          of the RTC instances.
   7:Core/Src/rtc.c ****   ******************************************************************************
   8:Core/Src/rtc.c ****   * @attention
   9:Core/Src/rtc.c ****   *
  10:Core/Src/rtc.c ****   * Copyright (c) 2026 STMicroelectronics.
  11:Core/Src/rtc.c ****   * All rights reserved.
  12:Core/Src/rtc.c ****   *
  13:Core/Src/rtc.c ****   * This software is licensed under terms that can be found in the LICENSE file
  14:Core/Src/rtc.c ****   * in the root directory of this software component.
  15:Core/Src/rtc.c ****   * If no LICENSE file comes with this software, it is provided AS-IS.
  16:Core/Src/rtc.c ****   *
  17:Core/Src/rtc.c ****   ******************************************************************************
  18:Core/Src/rtc.c ****   */
  19:Core/Src/rtc.c **** /* USER CODE END Header */
  20:Core/Src/rtc.c **** /* Includes ------------------------------------------------------------------*/
  21:Core/Src/rtc.c **** #include "rtc.h"
  22:Core/Src/rtc.c **** 
  23:Core/Src/rtc.c **** /* USER CODE BEGIN 0 */
  24:Core/Src/rtc.c **** 
  25:Core/Src/rtc.c **** /* USER CODE END 0 */
  26:Core/Src/rtc.c **** 
  27:Core/Src/rtc.c **** RTC_HandleTypeDef hrtc;
  28:Core/Src/rtc.c **** 
  29:Core/Src/rtc.c **** /* RTC init function */
  30:Core/Src/rtc.c **** void MX_RTC_Init(void)
ARM GAS  C:\Users\solar\AppData\Local\Temp\cckzjQQs.s 			page 2


  31:Core/Src/rtc.c **** {
  29              		.loc 1 31 1 view -0
  30              		.cfi_startproc
  31              		@ args = 0, pretend = 0, frame = 0
  32              		@ frame_needed = 0, uses_anonymous_args = 0
  33 0000 08B5     		push	{r3, lr}
  34              	.LCFI0:
  35              		.cfi_def_cfa_offset 8
  36              		.cfi_offset 3, -8
  37              		.cfi_offset 14, -4
  32:Core/Src/rtc.c **** 
  33:Core/Src/rtc.c ****   /* USER CODE BEGIN RTC_Init 0 */
  34:Core/Src/rtc.c **** 
  35:Core/Src/rtc.c ****   /* USER CODE END RTC_Init 0 */
  36:Core/Src/rtc.c **** 
  37:Core/Src/rtc.c ****   /* USER CODE BEGIN RTC_Init 1 */
  38:Core/Src/rtc.c **** 
  39:Core/Src/rtc.c ****   /* USER CODE END RTC_Init 1 */
  40:Core/Src/rtc.c **** 
  41:Core/Src/rtc.c ****   /** Initialize RTC Only
  42:Core/Src/rtc.c ****   */
  43:Core/Src/rtc.c ****   hrtc.Instance = RTC;
  38              		.loc 1 43 3 view .LVU1
  39              		.loc 1 43 17 is_stmt 0 view .LVU2
  40 0002 0A48     		ldr	r0, .L5
  41 0004 0A4B     		ldr	r3, .L5+4
  42 0006 0360     		str	r3, [r0]
  44:Core/Src/rtc.c ****   hrtc.Init.HourFormat = RTC_HOURFORMAT_24;
  43              		.loc 1 44 3 is_stmt 1 view .LVU3
  44              		.loc 1 44 24 is_stmt 0 view .LVU4
  45 0008 0023     		movs	r3, #0
  46 000a 4360     		str	r3, [r0, #4]
  45:Core/Src/rtc.c ****   hrtc.Init.AsynchPrediv = 127;
  47              		.loc 1 45 3 is_stmt 1 view .LVU5
  48              		.loc 1 45 26 is_stmt 0 view .LVU6
  49 000c 7F22     		movs	r2, #127
  50 000e 8260     		str	r2, [r0, #8]
  46:Core/Src/rtc.c ****   hrtc.Init.SynchPrediv = 255;
  51              		.loc 1 46 3 is_stmt 1 view .LVU7
  52              		.loc 1 46 25 is_stmt 0 view .LVU8
  53 0010 FF22     		movs	r2, #255
  54 0012 C260     		str	r2, [r0, #12]
  47:Core/Src/rtc.c ****   hrtc.Init.OutPut = RTC_OUTPUT_DISABLE;
  55              		.loc 1 47 3 is_stmt 1 view .LVU9
  56              		.loc 1 47 20 is_stmt 0 view .LVU10
  57 0014 0361     		str	r3, [r0, #16]
  48:Core/Src/rtc.c ****   hrtc.Init.OutPutRemap = RTC_OUTPUT_REMAP_NONE;
  58              		.loc 1 48 3 is_stmt 1 view .LVU11
  59              		.loc 1 48 25 is_stmt 0 view .LVU12
  60 0016 4361     		str	r3, [r0, #20]
  49:Core/Src/rtc.c ****   hrtc.Init.OutPutPolarity = RTC_OUTPUT_POLARITY_HIGH;
  61              		.loc 1 49 3 is_stmt 1 view .LVU13
  62              		.loc 1 49 28 is_stmt 0 view .LVU14
  63 0018 8361     		str	r3, [r0, #24]
  50:Core/Src/rtc.c ****   hrtc.Init.OutPutType = RTC_OUTPUT_TYPE_OPENDRAIN;
  64              		.loc 1 50 3 is_stmt 1 view .LVU15
  65              		.loc 1 50 24 is_stmt 0 view .LVU16
ARM GAS  C:\Users\solar\AppData\Local\Temp\cckzjQQs.s 			page 3


  66 001a C361     		str	r3, [r0, #28]
  51:Core/Src/rtc.c ****   if (HAL_RTC_Init(&hrtc) != HAL_OK)
  67              		.loc 1 51 3 is_stmt 1 view .LVU17
  68              		.loc 1 51 7 is_stmt 0 view .LVU18
  69 001c FFF7FEFF 		bl	HAL_RTC_Init
  70              	.LVL0:
  71              		.loc 1 51 6 discriminator 1 view .LVU19
  72 0020 00B9     		cbnz	r0, .L4
  73              	.L1:
  52:Core/Src/rtc.c ****   {
  53:Core/Src/rtc.c ****     Error_Handler();
  54:Core/Src/rtc.c ****   }
  55:Core/Src/rtc.c ****   /* USER CODE BEGIN RTC_Init 2 */
  56:Core/Src/rtc.c **** 
  57:Core/Src/rtc.c ****   /* USER CODE END RTC_Init 2 */
  58:Core/Src/rtc.c **** 
  59:Core/Src/rtc.c **** }
  74              		.loc 1 59 1 view .LVU20
  75 0022 08BD     		pop	{r3, pc}
  76              	.L4:
  53:Core/Src/rtc.c ****   }
  77              		.loc 1 53 5 is_stmt 1 view .LVU21
  78 0024 FFF7FEFF 		bl	Error_Handler
  79              	.LVL1:
  80              		.loc 1 59 1 is_stmt 0 view .LVU22
  81 0028 FBE7     		b	.L1
  82              	.L6:
  83 002a 00BF     		.align	2
  84              	.L5:
  85 002c 00000000 		.word	hrtc
  86 0030 00280040 		.word	1073752064
  87              		.cfi_endproc
  88              	.LFE228:
  90              		.section	.text.HAL_RTC_MspInit,"ax",%progbits
  91              		.align	1
  92              		.global	HAL_RTC_MspInit
  93              		.syntax unified
  94              		.thumb
  95              		.thumb_func
  97              	HAL_RTC_MspInit:
  98              	.LVL2:
  99              	.LFB229:
  60:Core/Src/rtc.c **** 
  61:Core/Src/rtc.c **** void HAL_RTC_MspInit(RTC_HandleTypeDef* rtcHandle)
  62:Core/Src/rtc.c **** {
 100              		.loc 1 62 1 is_stmt 1 view -0
 101              		.cfi_startproc
 102              		@ args = 0, pretend = 0, frame = 96
 103              		@ frame_needed = 0, uses_anonymous_args = 0
 104              		.loc 1 62 1 is_stmt 0 view .LVU24
 105 0000 10B5     		push	{r4, lr}
 106              	.LCFI1:
 107              		.cfi_def_cfa_offset 8
 108              		.cfi_offset 4, -8
 109              		.cfi_offset 14, -4
 110 0002 98B0     		sub	sp, sp, #96
 111              	.LCFI2:
ARM GAS  C:\Users\solar\AppData\Local\Temp\cckzjQQs.s 			page 4


 112              		.cfi_def_cfa_offset 104
 113 0004 0446     		mov	r4, r0
  63:Core/Src/rtc.c **** 
  64:Core/Src/rtc.c ****   RCC_PeriphCLKInitTypeDef PeriphClkInit = {0};
 114              		.loc 1 64 3 is_stmt 1 view .LVU25
 115              		.loc 1 64 28 is_stmt 0 view .LVU26
 116 0006 5C22     		movs	r2, #92
 117 0008 0021     		movs	r1, #0
 118 000a 01A8     		add	r0, sp, #4
 119              	.LVL3:
 120              		.loc 1 64 28 view .LVU27
 121 000c FFF7FEFF 		bl	memset
 122              	.LVL4:
  65:Core/Src/rtc.c ****   if(rtcHandle->Instance==RTC)
 123              		.loc 1 65 3 is_stmt 1 view .LVU28
 124              		.loc 1 65 15 is_stmt 0 view .LVU29
 125 0010 2268     		ldr	r2, [r4]
 126              		.loc 1 65 5 view .LVU30
 127 0012 0D4B     		ldr	r3, .L13
 128 0014 9A42     		cmp	r2, r3
 129 0016 01D0     		beq	.L11
 130              	.L7:
  66:Core/Src/rtc.c ****   {
  67:Core/Src/rtc.c ****   /* USER CODE BEGIN RTC_MspInit 0 */
  68:Core/Src/rtc.c **** 
  69:Core/Src/rtc.c ****   /* USER CODE END RTC_MspInit 0 */
  70:Core/Src/rtc.c **** 
  71:Core/Src/rtc.c ****   /** Initializes the peripherals clock
  72:Core/Src/rtc.c ****   */
  73:Core/Src/rtc.c ****     PeriphClkInit.PeriphClockSelection = RCC_PERIPHCLK_RTC;
  74:Core/Src/rtc.c ****     PeriphClkInit.RTCClockSelection = RCC_RTCCLKSOURCE_LSE;
  75:Core/Src/rtc.c ****     if (HAL_RCCEx_PeriphCLKConfig(&PeriphClkInit) != HAL_OK)
  76:Core/Src/rtc.c ****     {
  77:Core/Src/rtc.c ****       Error_Handler();
  78:Core/Src/rtc.c ****     }
  79:Core/Src/rtc.c **** 
  80:Core/Src/rtc.c ****     /* RTC clock enable */
  81:Core/Src/rtc.c ****     __HAL_RCC_RTC_ENABLE();
  82:Core/Src/rtc.c ****   /* USER CODE BEGIN RTC_MspInit 1 */
  83:Core/Src/rtc.c **** 
  84:Core/Src/rtc.c ****   /* USER CODE END RTC_MspInit 1 */
  85:Core/Src/rtc.c ****   }
  86:Core/Src/rtc.c **** }
 131              		.loc 1 86 1 view .LVU31
 132 0018 18B0     		add	sp, sp, #96
 133              	.LCFI3:
 134              		.cfi_remember_state
 135              		.cfi_def_cfa_offset 8
 136              		@ sp needed
 137 001a 10BD     		pop	{r4, pc}
 138              	.LVL5:
 139              	.L11:
 140              	.LCFI4:
 141              		.cfi_restore_state
  73:Core/Src/rtc.c ****     PeriphClkInit.RTCClockSelection = RCC_RTCCLKSOURCE_LSE;
 142              		.loc 1 73 5 is_stmt 1 view .LVU32
  73:Core/Src/rtc.c ****     PeriphClkInit.RTCClockSelection = RCC_RTCCLKSOURCE_LSE;
ARM GAS  C:\Users\solar\AppData\Local\Temp\cckzjQQs.s 			page 5


 143              		.loc 1 73 40 is_stmt 0 view .LVU33
 144 001c 4FF40033 		mov	r3, #131072
 145 0020 0193     		str	r3, [sp, #4]
  74:Core/Src/rtc.c ****     if (HAL_RCCEx_PeriphCLKConfig(&PeriphClkInit) != HAL_OK)
 146              		.loc 1 74 5 is_stmt 1 view .LVU34
  74:Core/Src/rtc.c ****     if (HAL_RCCEx_PeriphCLKConfig(&PeriphClkInit) != HAL_OK)
 147              		.loc 1 74 37 is_stmt 0 view .LVU35
 148 0022 4FF48073 		mov	r3, #256
 149 0026 1793     		str	r3, [sp, #92]
  75:Core/Src/rtc.c ****     {
 150              		.loc 1 75 5 is_stmt 1 view .LVU36
  75:Core/Src/rtc.c ****     {
 151              		.loc 1 75 9 is_stmt 0 view .LVU37
 152 0028 01A8     		add	r0, sp, #4
 153 002a FFF7FEFF 		bl	HAL_RCCEx_PeriphCLKConfig
 154              	.LVL6:
  75:Core/Src/rtc.c ****     {
 155              		.loc 1 75 8 discriminator 1 view .LVU38
 156 002e 38B9     		cbnz	r0, .L12
 157              	.L9:
  81:Core/Src/rtc.c ****   /* USER CODE BEGIN RTC_MspInit 1 */
 158              		.loc 1 81 5 is_stmt 1 view .LVU39
 159 0030 064A     		ldr	r2, .L13+4
 160 0032 D2F89030 		ldr	r3, [r2, #144]
 161 0036 43F40043 		orr	r3, r3, #32768
 162 003a C2F89030 		str	r3, [r2, #144]
 163              		.loc 1 86 1 is_stmt 0 view .LVU40
 164 003e EBE7     		b	.L7
 165              	.L12:
  77:Core/Src/rtc.c ****     }
 166              		.loc 1 77 7 is_stmt 1 view .LVU41
 167 0040 FFF7FEFF 		bl	Error_Handler
 168              	.LVL7:
 169 0044 F4E7     		b	.L9
 170              	.L14:
 171 0046 00BF     		.align	2
 172              	.L13:
 173 0048 00280040 		.word	1073752064
 174 004c 00100240 		.word	1073876992
 175              		.cfi_endproc
 176              	.LFE229:
 178              		.section	.text.HAL_RTC_MspDeInit,"ax",%progbits
 179              		.align	1
 180              		.global	HAL_RTC_MspDeInit
 181              		.syntax unified
 182              		.thumb
 183              		.thumb_func
 185              	HAL_RTC_MspDeInit:
 186              	.LVL8:
 187              	.LFB230:
  87:Core/Src/rtc.c **** 
  88:Core/Src/rtc.c **** void HAL_RTC_MspDeInit(RTC_HandleTypeDef* rtcHandle)
  89:Core/Src/rtc.c **** {
 188              		.loc 1 89 1 view -0
 189              		.cfi_startproc
 190              		@ args = 0, pretend = 0, frame = 0
 191              		@ frame_needed = 0, uses_anonymous_args = 0
ARM GAS  C:\Users\solar\AppData\Local\Temp\cckzjQQs.s 			page 6


 192              		@ link register save eliminated.
  90:Core/Src/rtc.c **** 
  91:Core/Src/rtc.c ****   if(rtcHandle->Instance==RTC)
 193              		.loc 1 91 3 view .LVU43
 194              		.loc 1 91 15 is_stmt 0 view .LVU44
 195 0000 0268     		ldr	r2, [r0]
 196              		.loc 1 91 5 view .LVU45
 197 0002 064B     		ldr	r3, .L18
 198 0004 9A42     		cmp	r2, r3
 199 0006 00D0     		beq	.L17
 200              	.L15:
  92:Core/Src/rtc.c ****   {
  93:Core/Src/rtc.c ****   /* USER CODE BEGIN RTC_MspDeInit 0 */
  94:Core/Src/rtc.c **** 
  95:Core/Src/rtc.c ****   /* USER CODE END RTC_MspDeInit 0 */
  96:Core/Src/rtc.c ****     /* Peripheral clock disable */
  97:Core/Src/rtc.c ****     __HAL_RCC_RTC_DISABLE();
  98:Core/Src/rtc.c ****   /* USER CODE BEGIN RTC_MspDeInit 1 */
  99:Core/Src/rtc.c **** 
 100:Core/Src/rtc.c ****   /* USER CODE END RTC_MspDeInit 1 */
 101:Core/Src/rtc.c ****   }
 102:Core/Src/rtc.c **** }
 201              		.loc 1 102 1 view .LVU46
 202 0008 7047     		bx	lr
 203              	.L17:
  97:Core/Src/rtc.c ****   /* USER CODE BEGIN RTC_MspDeInit 1 */
 204              		.loc 1 97 5 is_stmt 1 view .LVU47
 205 000a 054A     		ldr	r2, .L18+4
 206 000c D2F89030 		ldr	r3, [r2, #144]
 207 0010 23F40043 		bic	r3, r3, #32768
 208 0014 C2F89030 		str	r3, [r2, #144]
 209              		.loc 1 102 1 is_stmt 0 view .LVU48
 210 0018 F6E7     		b	.L15
 211              	.L19:
 212 001a 00BF     		.align	2
 213              	.L18:
 214 001c 00280040 		.word	1073752064
 215 0020 00100240 		.word	1073876992
 216              		.cfi_endproc
 217              	.LFE230:
 219              		.global	hrtc
 220              		.section	.bss.hrtc,"aw",%nobits
 221              		.align	2
 224              	hrtc:
 225 0000 00000000 		.space	36
 225      00000000 
 225      00000000 
 225      00000000 
 225      00000000 
 226              		.text
 227              	.Letext0:
 228              		.file 2 "C:/Program Files (x86)/Arm GNU Toolchain arm-none-eabi/14.3 rel1/arm-none-eabi/include/ma
 229              		.file 3 "C:/Program Files (x86)/Arm GNU Toolchain arm-none-eabi/14.3 rel1/arm-none-eabi/include/sy
 230              		.file 4 "Drivers/CMSIS/Device/ST/STM32L4xx/Include/stm32l431xx.h"
 231              		.file 5 "Drivers/STM32L4xx_HAL_Driver/Inc/stm32l4xx_hal_def.h"
 232              		.file 6 "Drivers/STM32L4xx_HAL_Driver/Inc/stm32l4xx_hal_rcc_ex.h"
 233              		.file 7 "Drivers/STM32L4xx_HAL_Driver/Inc/stm32l4xx_hal_rtc.h"
ARM GAS  C:\Users\solar\AppData\Local\Temp\cckzjQQs.s 			page 7


 234              		.file 8 "Drivers/STM32L4xx_HAL_Driver/Inc/stm32l4xx_ll_dma.h"
 235              		.file 9 "Core/Inc/rtc.h"
 236              		.file 10 "Core/Inc/main.h"
 237              		.file 11 "<built-in>"
ARM GAS  C:\Users\solar\AppData\Local\Temp\cckzjQQs.s 			page 8


DEFINED SYMBOLS
                            *ABS*:00000000 rtc.c
C:\Users\solar\AppData\Local\Temp\cckzjQQs.s:21     .text.MX_RTC_Init:00000000 $t
C:\Users\solar\AppData\Local\Temp\cckzjQQs.s:27     .text.MX_RTC_Init:00000000 MX_RTC_Init
C:\Users\solar\AppData\Local\Temp\cckzjQQs.s:85     .text.MX_RTC_Init:0000002c $d
C:\Users\solar\AppData\Local\Temp\cckzjQQs.s:224    .bss.hrtc:00000000 hrtc
C:\Users\solar\AppData\Local\Temp\cckzjQQs.s:91     .text.HAL_RTC_MspInit:00000000 $t
C:\Users\solar\AppData\Local\Temp\cckzjQQs.s:97     .text.HAL_RTC_MspInit:00000000 HAL_RTC_MspInit
C:\Users\solar\AppData\Local\Temp\cckzjQQs.s:173    .text.HAL_RTC_MspInit:00000048 $d
C:\Users\solar\AppData\Local\Temp\cckzjQQs.s:179    .text.HAL_RTC_MspDeInit:00000000 $t
C:\Users\solar\AppData\Local\Temp\cckzjQQs.s:185    .text.HAL_RTC_MspDeInit:00000000 HAL_RTC_MspDeInit
C:\Users\solar\AppData\Local\Temp\cckzjQQs.s:214    .text.HAL_RTC_MspDeInit:0000001c $d
C:\Users\solar\AppData\Local\Temp\cckzjQQs.s:221    .bss.hrtc:00000000 $d

UNDEFINED SYMBOLS
HAL_RTC_Init
Error_Handler
memset
HAL_RCCEx_PeriphCLKConfig
