ARM GAS  C:\Users\solar\AppData\Local\Temp\ccTabbrA.s 			page 1


   1              		.cpu cortex-m4
   2              		.arch armv7e-m
   3              		.fpu fpv4-sp-d16
   4              		.eabi_attribute 27, 1
   5              		.eabi_attribute 28, 1
   6              		.eabi_attribute 20, 1
   7              		.eabi_attribute 21, 1
   8              		.eabi_attribute 23, 3
   9              		.eabi_attribute 24, 1
  10              		.eabi_attribute 25, 1
  11              		.eabi_attribute 26, 1
  12              		.eabi_attribute 30, 1
  13              		.eabi_attribute 34, 1
  14              		.eabi_attribute 18, 4
  15              		.file	"spi.c"
  16              		.text
  17              	.Ltext0:
  18              		.cfi_sections	.debug_frame
  19              		.file 1 "Core/Src/spi.c"
  20              		.section	.text.MX_SPI1_Init,"ax",%progbits
  21              		.align	1
  22              		.global	MX_SPI1_Init
  23              		.syntax unified
  24              		.thumb
  25              		.thumb_func
  27              	MX_SPI1_Init:
  28              	.LFB228:
   1:Core/Src/spi.c **** /* USER CODE BEGIN Header */
   2:Core/Src/spi.c **** /**
   3:Core/Src/spi.c ****   ******************************************************************************
   4:Core/Src/spi.c ****   * @file    spi.c
   5:Core/Src/spi.c ****   * @brief   This file provides code for the configuration
   6:Core/Src/spi.c ****   *          of the SPI instances.
   7:Core/Src/spi.c ****   ******************************************************************************
   8:Core/Src/spi.c ****   * @attention
   9:Core/Src/spi.c ****   *
  10:Core/Src/spi.c ****   * Copyright (c) 2026 STMicroelectronics.
  11:Core/Src/spi.c ****   * All rights reserved.
  12:Core/Src/spi.c ****   *
  13:Core/Src/spi.c ****   * This software is licensed under terms that can be found in the LICENSE file
  14:Core/Src/spi.c ****   * in the root directory of this software component.
  15:Core/Src/spi.c ****   * If no LICENSE file comes with this software, it is provided AS-IS.
  16:Core/Src/spi.c ****   *
  17:Core/Src/spi.c ****   ******************************************************************************
  18:Core/Src/spi.c ****   */
  19:Core/Src/spi.c **** /* USER CODE END Header */
  20:Core/Src/spi.c **** /* Includes ------------------------------------------------------------------*/
  21:Core/Src/spi.c **** #include "spi.h"
  22:Core/Src/spi.c **** 
  23:Core/Src/spi.c **** /* USER CODE BEGIN 0 */
  24:Core/Src/spi.c **** 
  25:Core/Src/spi.c **** /* USER CODE END 0 */
  26:Core/Src/spi.c **** 
  27:Core/Src/spi.c **** SPI_HandleTypeDef hspi1;
  28:Core/Src/spi.c **** SPI_HandleTypeDef hspi2;
  29:Core/Src/spi.c **** 
  30:Core/Src/spi.c **** /* SPI1 init function */
ARM GAS  C:\Users\solar\AppData\Local\Temp\ccTabbrA.s 			page 2


  31:Core/Src/spi.c **** void MX_SPI1_Init(void)
  32:Core/Src/spi.c **** {
  29              		.loc 1 32 1 view -0
  30              		.cfi_startproc
  31              		@ args = 0, pretend = 0, frame = 0
  32              		@ frame_needed = 0, uses_anonymous_args = 0
  33 0000 08B5     		push	{r3, lr}
  34              	.LCFI0:
  35              		.cfi_def_cfa_offset 8
  36              		.cfi_offset 3, -8
  37              		.cfi_offset 14, -4
  33:Core/Src/spi.c **** 
  34:Core/Src/spi.c ****   /* USER CODE BEGIN SPI1_Init 0 */
  35:Core/Src/spi.c **** 
  36:Core/Src/spi.c ****   /* USER CODE END SPI1_Init 0 */
  37:Core/Src/spi.c **** 
  38:Core/Src/spi.c ****   /* USER CODE BEGIN SPI1_Init 1 */
  39:Core/Src/spi.c **** 
  40:Core/Src/spi.c ****   /* USER CODE END SPI1_Init 1 */
  41:Core/Src/spi.c ****   hspi1.Instance = SPI1;
  38              		.loc 1 41 3 view .LVU1
  39              		.loc 1 41 18 is_stmt 0 view .LVU2
  40 0002 1048     		ldr	r0, .L5
  41 0004 104B     		ldr	r3, .L5+4
  42 0006 0360     		str	r3, [r0]
  42:Core/Src/spi.c ****   hspi1.Init.Mode = SPI_MODE_MASTER;
  43              		.loc 1 42 3 is_stmt 1 view .LVU3
  44              		.loc 1 42 19 is_stmt 0 view .LVU4
  45 0008 4FF48273 		mov	r3, #260
  46 000c 4360     		str	r3, [r0, #4]
  43:Core/Src/spi.c ****   hspi1.Init.Direction = SPI_DIRECTION_2LINES;
  47              		.loc 1 43 3 is_stmt 1 view .LVU5
  48              		.loc 1 43 24 is_stmt 0 view .LVU6
  49 000e 0023     		movs	r3, #0
  50 0010 8360     		str	r3, [r0, #8]
  44:Core/Src/spi.c ****   hspi1.Init.DataSize = SPI_DATASIZE_8BIT;
  51              		.loc 1 44 3 is_stmt 1 view .LVU7
  52              		.loc 1 44 23 is_stmt 0 view .LVU8
  53 0012 4FF4E062 		mov	r2, #1792
  54 0016 C260     		str	r2, [r0, #12]
  45:Core/Src/spi.c ****   hspi1.Init.CLKPolarity = SPI_POLARITY_LOW;
  55              		.loc 1 45 3 is_stmt 1 view .LVU9
  56              		.loc 1 45 26 is_stmt 0 view .LVU10
  57 0018 0361     		str	r3, [r0, #16]
  46:Core/Src/spi.c ****   hspi1.Init.CLKPhase = SPI_PHASE_1EDGE;
  58              		.loc 1 46 3 is_stmt 1 view .LVU11
  59              		.loc 1 46 23 is_stmt 0 view .LVU12
  60 001a 4361     		str	r3, [r0, #20]
  47:Core/Src/spi.c ****   hspi1.Init.NSS = SPI_NSS_SOFT;
  61              		.loc 1 47 3 is_stmt 1 view .LVU13
  62              		.loc 1 47 18 is_stmt 0 view .LVU14
  63 001c 4FF40072 		mov	r2, #512
  64 0020 8261     		str	r2, [r0, #24]
  48:Core/Src/spi.c ****   hspi1.Init.BaudRatePrescaler = SPI_BAUDRATEPRESCALER_2;
  65              		.loc 1 48 3 is_stmt 1 view .LVU15
  66              		.loc 1 48 32 is_stmt 0 view .LVU16
  67 0022 C361     		str	r3, [r0, #28]
ARM GAS  C:\Users\solar\AppData\Local\Temp\ccTabbrA.s 			page 3


  49:Core/Src/spi.c ****   hspi1.Init.FirstBit = SPI_FIRSTBIT_MSB;
  68              		.loc 1 49 3 is_stmt 1 view .LVU17
  69              		.loc 1 49 23 is_stmt 0 view .LVU18
  70 0024 0362     		str	r3, [r0, #32]
  50:Core/Src/spi.c ****   hspi1.Init.TIMode = SPI_TIMODE_DISABLE;
  71              		.loc 1 50 3 is_stmt 1 view .LVU19
  72              		.loc 1 50 21 is_stmt 0 view .LVU20
  73 0026 4362     		str	r3, [r0, #36]
  51:Core/Src/spi.c ****   hspi1.Init.CRCCalculation = SPI_CRCCALCULATION_DISABLE;
  74              		.loc 1 51 3 is_stmt 1 view .LVU21
  75              		.loc 1 51 29 is_stmt 0 view .LVU22
  76 0028 8362     		str	r3, [r0, #40]
  52:Core/Src/spi.c ****   hspi1.Init.CRCPolynomial = 7;
  77              		.loc 1 52 3 is_stmt 1 view .LVU23
  78              		.loc 1 52 28 is_stmt 0 view .LVU24
  79 002a 0722     		movs	r2, #7
  80 002c C262     		str	r2, [r0, #44]
  53:Core/Src/spi.c ****   hspi1.Init.CRCLength = SPI_CRC_LENGTH_DATASIZE;
  81              		.loc 1 53 3 is_stmt 1 view .LVU25
  82              		.loc 1 53 24 is_stmt 0 view .LVU26
  83 002e 0363     		str	r3, [r0, #48]
  54:Core/Src/spi.c ****   hspi1.Init.NSSPMode = SPI_NSS_PULSE_ENABLE;
  84              		.loc 1 54 3 is_stmt 1 view .LVU27
  85              		.loc 1 54 23 is_stmt 0 view .LVU28
  86 0030 0823     		movs	r3, #8
  87 0032 4363     		str	r3, [r0, #52]
  55:Core/Src/spi.c ****   if (HAL_SPI_Init(&hspi1) != HAL_OK)
  88              		.loc 1 55 3 is_stmt 1 view .LVU29
  89              		.loc 1 55 7 is_stmt 0 view .LVU30
  90 0034 FFF7FEFF 		bl	HAL_SPI_Init
  91              	.LVL0:
  92              		.loc 1 55 6 discriminator 1 view .LVU31
  93 0038 00B9     		cbnz	r0, .L4
  94              	.L1:
  56:Core/Src/spi.c ****   {
  57:Core/Src/spi.c ****     Error_Handler();
  58:Core/Src/spi.c ****   }
  59:Core/Src/spi.c ****   /* USER CODE BEGIN SPI1_Init 2 */
  60:Core/Src/spi.c **** 
  61:Core/Src/spi.c ****   /* USER CODE END SPI1_Init 2 */
  62:Core/Src/spi.c **** 
  63:Core/Src/spi.c **** }
  95              		.loc 1 63 1 view .LVU32
  96 003a 08BD     		pop	{r3, pc}
  97              	.L4:
  57:Core/Src/spi.c ****   }
  98              		.loc 1 57 5 is_stmt 1 view .LVU33
  99 003c FFF7FEFF 		bl	Error_Handler
 100              	.LVL1:
 101              		.loc 1 63 1 is_stmt 0 view .LVU34
 102 0040 FBE7     		b	.L1
 103              	.L6:
 104 0042 00BF     		.align	2
 105              	.L5:
 106 0044 00000000 		.word	hspi1
 107 0048 00300140 		.word	1073819648
 108              		.cfi_endproc
ARM GAS  C:\Users\solar\AppData\Local\Temp\ccTabbrA.s 			page 4


 109              	.LFE228:
 111              		.section	.text.MX_SPI2_Init,"ax",%progbits
 112              		.align	1
 113              		.global	MX_SPI2_Init
 114              		.syntax unified
 115              		.thumb
 116              		.thumb_func
 118              	MX_SPI2_Init:
 119              	.LFB229:
  64:Core/Src/spi.c **** /* SPI2 init function */
  65:Core/Src/spi.c **** void MX_SPI2_Init(void)
  66:Core/Src/spi.c **** {
 120              		.loc 1 66 1 is_stmt 1 view -0
 121              		.cfi_startproc
 122              		@ args = 0, pretend = 0, frame = 0
 123              		@ frame_needed = 0, uses_anonymous_args = 0
 124 0000 08B5     		push	{r3, lr}
 125              	.LCFI1:
 126              		.cfi_def_cfa_offset 8
 127              		.cfi_offset 3, -8
 128              		.cfi_offset 14, -4
  67:Core/Src/spi.c **** 
  68:Core/Src/spi.c ****   /* USER CODE BEGIN SPI2_Init 0 */
  69:Core/Src/spi.c **** 
  70:Core/Src/spi.c ****   /* USER CODE END SPI2_Init 0 */
  71:Core/Src/spi.c **** 
  72:Core/Src/spi.c ****   /* USER CODE BEGIN SPI2_Init 1 */
  73:Core/Src/spi.c **** 
  74:Core/Src/spi.c ****   /* USER CODE END SPI2_Init 1 */
  75:Core/Src/spi.c ****   hspi2.Instance = SPI2;
 129              		.loc 1 75 3 view .LVU36
 130              		.loc 1 75 18 is_stmt 0 view .LVU37
 131 0002 1048     		ldr	r0, .L11
 132 0004 104B     		ldr	r3, .L11+4
 133 0006 0360     		str	r3, [r0]
  76:Core/Src/spi.c ****   hspi2.Init.Mode = SPI_MODE_MASTER;
 134              		.loc 1 76 3 is_stmt 1 view .LVU38
 135              		.loc 1 76 19 is_stmt 0 view .LVU39
 136 0008 4FF48273 		mov	r3, #260
 137 000c 4360     		str	r3, [r0, #4]
  77:Core/Src/spi.c ****   hspi2.Init.Direction = SPI_DIRECTION_2LINES;
 138              		.loc 1 77 3 is_stmt 1 view .LVU40
 139              		.loc 1 77 24 is_stmt 0 view .LVU41
 140 000e 0023     		movs	r3, #0
 141 0010 8360     		str	r3, [r0, #8]
  78:Core/Src/spi.c ****   hspi2.Init.DataSize = SPI_DATASIZE_8BIT;
 142              		.loc 1 78 3 is_stmt 1 view .LVU42
 143              		.loc 1 78 23 is_stmt 0 view .LVU43
 144 0012 4FF4E062 		mov	r2, #1792
 145 0016 C260     		str	r2, [r0, #12]
  79:Core/Src/spi.c ****   hspi2.Init.CLKPolarity = SPI_POLARITY_LOW;
 146              		.loc 1 79 3 is_stmt 1 view .LVU44
 147              		.loc 1 79 26 is_stmt 0 view .LVU45
 148 0018 0361     		str	r3, [r0, #16]
  80:Core/Src/spi.c ****   hspi2.Init.CLKPhase = SPI_PHASE_1EDGE;
 149              		.loc 1 80 3 is_stmt 1 view .LVU46
 150              		.loc 1 80 23 is_stmt 0 view .LVU47
ARM GAS  C:\Users\solar\AppData\Local\Temp\ccTabbrA.s 			page 5


 151 001a 4361     		str	r3, [r0, #20]
  81:Core/Src/spi.c ****   hspi2.Init.NSS = SPI_NSS_SOFT;
 152              		.loc 1 81 3 is_stmt 1 view .LVU48
 153              		.loc 1 81 18 is_stmt 0 view .LVU49
 154 001c 4FF40072 		mov	r2, #512
 155 0020 8261     		str	r2, [r0, #24]
  82:Core/Src/spi.c ****   hspi2.Init.BaudRatePrescaler = SPI_BAUDRATEPRESCALER_2;
 156              		.loc 1 82 3 is_stmt 1 view .LVU50
 157              		.loc 1 82 32 is_stmt 0 view .LVU51
 158 0022 C361     		str	r3, [r0, #28]
  83:Core/Src/spi.c ****   hspi2.Init.FirstBit = SPI_FIRSTBIT_MSB;
 159              		.loc 1 83 3 is_stmt 1 view .LVU52
 160              		.loc 1 83 23 is_stmt 0 view .LVU53
 161 0024 0362     		str	r3, [r0, #32]
  84:Core/Src/spi.c ****   hspi2.Init.TIMode = SPI_TIMODE_DISABLE;
 162              		.loc 1 84 3 is_stmt 1 view .LVU54
 163              		.loc 1 84 21 is_stmt 0 view .LVU55
 164 0026 4362     		str	r3, [r0, #36]
  85:Core/Src/spi.c ****   hspi2.Init.CRCCalculation = SPI_CRCCALCULATION_DISABLE;
 165              		.loc 1 85 3 is_stmt 1 view .LVU56
 166              		.loc 1 85 29 is_stmt 0 view .LVU57
 167 0028 8362     		str	r3, [r0, #40]
  86:Core/Src/spi.c ****   hspi2.Init.CRCPolynomial = 7;
 168              		.loc 1 86 3 is_stmt 1 view .LVU58
 169              		.loc 1 86 28 is_stmt 0 view .LVU59
 170 002a 0722     		movs	r2, #7
 171 002c C262     		str	r2, [r0, #44]
  87:Core/Src/spi.c ****   hspi2.Init.CRCLength = SPI_CRC_LENGTH_DATASIZE;
 172              		.loc 1 87 3 is_stmt 1 view .LVU60
 173              		.loc 1 87 24 is_stmt 0 view .LVU61
 174 002e 0363     		str	r3, [r0, #48]
  88:Core/Src/spi.c ****   hspi2.Init.NSSPMode = SPI_NSS_PULSE_ENABLE;
 175              		.loc 1 88 3 is_stmt 1 view .LVU62
 176              		.loc 1 88 23 is_stmt 0 view .LVU63
 177 0030 0823     		movs	r3, #8
 178 0032 4363     		str	r3, [r0, #52]
  89:Core/Src/spi.c ****   if (HAL_SPI_Init(&hspi2) != HAL_OK)
 179              		.loc 1 89 3 is_stmt 1 view .LVU64
 180              		.loc 1 89 7 is_stmt 0 view .LVU65
 181 0034 FFF7FEFF 		bl	HAL_SPI_Init
 182              	.LVL2:
 183              		.loc 1 89 6 discriminator 1 view .LVU66
 184 0038 00B9     		cbnz	r0, .L10
 185              	.L7:
  90:Core/Src/spi.c ****   {
  91:Core/Src/spi.c ****     Error_Handler();
  92:Core/Src/spi.c ****   }
  93:Core/Src/spi.c ****   /* USER CODE BEGIN SPI2_Init 2 */
  94:Core/Src/spi.c **** 
  95:Core/Src/spi.c ****   /* USER CODE END SPI2_Init 2 */
  96:Core/Src/spi.c **** 
  97:Core/Src/spi.c **** }
 186              		.loc 1 97 1 view .LVU67
 187 003a 08BD     		pop	{r3, pc}
 188              	.L10:
  91:Core/Src/spi.c ****   }
 189              		.loc 1 91 5 is_stmt 1 view .LVU68
ARM GAS  C:\Users\solar\AppData\Local\Temp\ccTabbrA.s 			page 6


 190 003c FFF7FEFF 		bl	Error_Handler
 191              	.LVL3:
 192              		.loc 1 97 1 is_stmt 0 view .LVU69
 193 0040 FBE7     		b	.L7
 194              	.L12:
 195 0042 00BF     		.align	2
 196              	.L11:
 197 0044 00000000 		.word	hspi2
 198 0048 00380040 		.word	1073756160
 199              		.cfi_endproc
 200              	.LFE229:
 202              		.section	.text.HAL_SPI_MspInit,"ax",%progbits
 203              		.align	1
 204              		.global	HAL_SPI_MspInit
 205              		.syntax unified
 206              		.thumb
 207              		.thumb_func
 209              	HAL_SPI_MspInit:
 210              	.LVL4:
 211              	.LFB230:
  98:Core/Src/spi.c **** 
  99:Core/Src/spi.c **** void HAL_SPI_MspInit(SPI_HandleTypeDef* spiHandle)
 100:Core/Src/spi.c **** {
 212              		.loc 1 100 1 is_stmt 1 view -0
 213              		.cfi_startproc
 214              		@ args = 0, pretend = 0, frame = 40
 215              		@ frame_needed = 0, uses_anonymous_args = 0
 216              		.loc 1 100 1 is_stmt 0 view .LVU71
 217 0000 00B5     		push	{lr}
 218              	.LCFI2:
 219              		.cfi_def_cfa_offset 4
 220              		.cfi_offset 14, -4
 221 0002 8BB0     		sub	sp, sp, #44
 222              	.LCFI3:
 223              		.cfi_def_cfa_offset 48
 101:Core/Src/spi.c **** 
 102:Core/Src/spi.c ****   GPIO_InitTypeDef GPIO_InitStruct = {0};
 224              		.loc 1 102 3 is_stmt 1 view .LVU72
 225              		.loc 1 102 20 is_stmt 0 view .LVU73
 226 0004 0023     		movs	r3, #0
 227 0006 0593     		str	r3, [sp, #20]
 228 0008 0693     		str	r3, [sp, #24]
 229 000a 0793     		str	r3, [sp, #28]
 230 000c 0893     		str	r3, [sp, #32]
 231 000e 0993     		str	r3, [sp, #36]
 103:Core/Src/spi.c ****   if(spiHandle->Instance==SPI1)
 232              		.loc 1 103 3 is_stmt 1 view .LVU74
 233              		.loc 1 103 15 is_stmt 0 view .LVU75
 234 0010 0368     		ldr	r3, [r0]
 235              		.loc 1 103 5 view .LVU76
 236 0012 254A     		ldr	r2, .L19
 237 0014 9342     		cmp	r3, r2
 238 0016 05D0     		beq	.L17
 104:Core/Src/spi.c ****   {
 105:Core/Src/spi.c ****   /* USER CODE BEGIN SPI1_MspInit 0 */
 106:Core/Src/spi.c **** 
 107:Core/Src/spi.c ****   /* USER CODE END SPI1_MspInit 0 */
ARM GAS  C:\Users\solar\AppData\Local\Temp\ccTabbrA.s 			page 7


 108:Core/Src/spi.c ****     /* SPI1 clock enable */
 109:Core/Src/spi.c ****     __HAL_RCC_SPI1_CLK_ENABLE();
 110:Core/Src/spi.c **** 
 111:Core/Src/spi.c ****     __HAL_RCC_GPIOA_CLK_ENABLE();
 112:Core/Src/spi.c ****     /**SPI1 GPIO Configuration
 113:Core/Src/spi.c ****     PA5     ------> SPI1_SCK
 114:Core/Src/spi.c ****     PA6     ------> SPI1_MISO
 115:Core/Src/spi.c ****     PA7     ------> SPI1_MOSI
 116:Core/Src/spi.c ****     */
 117:Core/Src/spi.c ****     GPIO_InitStruct.Pin = GPIO_PIN_5|GPIO_PIN_6|GPIO_PIN_7;
 118:Core/Src/spi.c ****     GPIO_InitStruct.Mode = GPIO_MODE_AF_PP;
 119:Core/Src/spi.c ****     GPIO_InitStruct.Pull = GPIO_NOPULL;
 120:Core/Src/spi.c ****     GPIO_InitStruct.Speed = GPIO_SPEED_FREQ_VERY_HIGH;
 121:Core/Src/spi.c ****     GPIO_InitStruct.Alternate = GPIO_AF5_SPI1;
 122:Core/Src/spi.c ****     HAL_GPIO_Init(GPIOA, &GPIO_InitStruct);
 123:Core/Src/spi.c **** 
 124:Core/Src/spi.c ****   /* USER CODE BEGIN SPI1_MspInit 1 */
 125:Core/Src/spi.c **** 
 126:Core/Src/spi.c ****   /* USER CODE END SPI1_MspInit 1 */
 127:Core/Src/spi.c ****   }
 128:Core/Src/spi.c ****   else if(spiHandle->Instance==SPI2)
 239              		.loc 1 128 8 is_stmt 1 view .LVU77
 240              		.loc 1 128 10 is_stmt 0 view .LVU78
 241 0018 244A     		ldr	r2, .L19+4
 242 001a 9342     		cmp	r3, r2
 243 001c 23D0     		beq	.L18
 244              	.LVL5:
 245              	.L13:
 129:Core/Src/spi.c ****   {
 130:Core/Src/spi.c ****   /* USER CODE BEGIN SPI2_MspInit 0 */
 131:Core/Src/spi.c **** 
 132:Core/Src/spi.c ****   /* USER CODE END SPI2_MspInit 0 */
 133:Core/Src/spi.c ****     /* SPI2 clock enable */
 134:Core/Src/spi.c ****     __HAL_RCC_SPI2_CLK_ENABLE();
 135:Core/Src/spi.c **** 
 136:Core/Src/spi.c ****     __HAL_RCC_GPIOB_CLK_ENABLE();
 137:Core/Src/spi.c ****     /**SPI2 GPIO Configuration
 138:Core/Src/spi.c ****     PB13     ------> SPI2_SCK
 139:Core/Src/spi.c ****     PB14     ------> SPI2_MISO
 140:Core/Src/spi.c ****     PB15     ------> SPI2_MOSI
 141:Core/Src/spi.c ****     */
 142:Core/Src/spi.c ****     GPIO_InitStruct.Pin = GPIO_PIN_13|GPIO_PIN_14|GPIO_PIN_15;
 143:Core/Src/spi.c ****     GPIO_InitStruct.Mode = GPIO_MODE_AF_PP;
 144:Core/Src/spi.c ****     GPIO_InitStruct.Pull = GPIO_NOPULL;
 145:Core/Src/spi.c ****     GPIO_InitStruct.Speed = GPIO_SPEED_FREQ_VERY_HIGH;
 146:Core/Src/spi.c ****     GPIO_InitStruct.Alternate = GPIO_AF5_SPI2;
 147:Core/Src/spi.c ****     HAL_GPIO_Init(GPIOB, &GPIO_InitStruct);
 148:Core/Src/spi.c **** 
 149:Core/Src/spi.c ****   /* USER CODE BEGIN SPI2_MspInit 1 */
 150:Core/Src/spi.c **** 
 151:Core/Src/spi.c ****   /* USER CODE END SPI2_MspInit 1 */
 152:Core/Src/spi.c ****   }
 153:Core/Src/spi.c **** }
 246              		.loc 1 153 1 view .LVU79
 247 001e 0BB0     		add	sp, sp, #44
 248              	.LCFI4:
 249              		.cfi_remember_state
ARM GAS  C:\Users\solar\AppData\Local\Temp\ccTabbrA.s 			page 8


 250              		.cfi_def_cfa_offset 4
 251              		@ sp needed
 252 0020 5DF804FB 		ldr	pc, [sp], #4
 253              	.LVL6:
 254              	.L17:
 255              	.LCFI5:
 256              		.cfi_restore_state
 109:Core/Src/spi.c **** 
 257              		.loc 1 109 5 is_stmt 1 view .LVU80
 258              	.LBB2:
 109:Core/Src/spi.c **** 
 259              		.loc 1 109 5 view .LVU81
 109:Core/Src/spi.c **** 
 260              		.loc 1 109 5 view .LVU82
 261 0024 224B     		ldr	r3, .L19+8
 262 0026 1A6E     		ldr	r2, [r3, #96]
 263 0028 42F48052 		orr	r2, r2, #4096
 264 002c 1A66     		str	r2, [r3, #96]
 109:Core/Src/spi.c **** 
 265              		.loc 1 109 5 view .LVU83
 266 002e 1A6E     		ldr	r2, [r3, #96]
 267 0030 02F48052 		and	r2, r2, #4096
 268 0034 0192     		str	r2, [sp, #4]
 109:Core/Src/spi.c **** 
 269              		.loc 1 109 5 view .LVU84
 270 0036 019A     		ldr	r2, [sp, #4]
 271              	.LBE2:
 109:Core/Src/spi.c **** 
 272              		.loc 1 109 5 view .LVU85
 111:Core/Src/spi.c ****     /**SPI1 GPIO Configuration
 273              		.loc 1 111 5 view .LVU86
 274              	.LBB3:
 111:Core/Src/spi.c ****     /**SPI1 GPIO Configuration
 275              		.loc 1 111 5 view .LVU87
 111:Core/Src/spi.c ****     /**SPI1 GPIO Configuration
 276              		.loc 1 111 5 view .LVU88
 277 0038 DA6C     		ldr	r2, [r3, #76]
 278 003a 42F00102 		orr	r2, r2, #1
 279 003e DA64     		str	r2, [r3, #76]
 111:Core/Src/spi.c ****     /**SPI1 GPIO Configuration
 280              		.loc 1 111 5 view .LVU89
 281 0040 DB6C     		ldr	r3, [r3, #76]
 282 0042 03F00103 		and	r3, r3, #1
 283 0046 0293     		str	r3, [sp, #8]
 111:Core/Src/spi.c ****     /**SPI1 GPIO Configuration
 284              		.loc 1 111 5 view .LVU90
 285 0048 029B     		ldr	r3, [sp, #8]
 286              	.LBE3:
 111:Core/Src/spi.c ****     /**SPI1 GPIO Configuration
 287              		.loc 1 111 5 view .LVU91
 117:Core/Src/spi.c ****     GPIO_InitStruct.Mode = GPIO_MODE_AF_PP;
 288              		.loc 1 117 5 view .LVU92
 117:Core/Src/spi.c ****     GPIO_InitStruct.Mode = GPIO_MODE_AF_PP;
 289              		.loc 1 117 25 is_stmt 0 view .LVU93
 290 004a E023     		movs	r3, #224
 291 004c 0593     		str	r3, [sp, #20]
 118:Core/Src/spi.c ****     GPIO_InitStruct.Pull = GPIO_NOPULL;
ARM GAS  C:\Users\solar\AppData\Local\Temp\ccTabbrA.s 			page 9


 292              		.loc 1 118 5 is_stmt 1 view .LVU94
 118:Core/Src/spi.c ****     GPIO_InitStruct.Pull = GPIO_NOPULL;
 293              		.loc 1 118 26 is_stmt 0 view .LVU95
 294 004e 0223     		movs	r3, #2
 295 0050 0693     		str	r3, [sp, #24]
 119:Core/Src/spi.c ****     GPIO_InitStruct.Speed = GPIO_SPEED_FREQ_VERY_HIGH;
 296              		.loc 1 119 5 is_stmt 1 view .LVU96
 120:Core/Src/spi.c ****     GPIO_InitStruct.Alternate = GPIO_AF5_SPI1;
 297              		.loc 1 120 5 view .LVU97
 120:Core/Src/spi.c ****     GPIO_InitStruct.Alternate = GPIO_AF5_SPI1;
 298              		.loc 1 120 27 is_stmt 0 view .LVU98
 299 0052 0323     		movs	r3, #3
 300 0054 0893     		str	r3, [sp, #32]
 121:Core/Src/spi.c ****     HAL_GPIO_Init(GPIOA, &GPIO_InitStruct);
 301              		.loc 1 121 5 is_stmt 1 view .LVU99
 121:Core/Src/spi.c ****     HAL_GPIO_Init(GPIOA, &GPIO_InitStruct);
 302              		.loc 1 121 31 is_stmt 0 view .LVU100
 303 0056 0523     		movs	r3, #5
 304 0058 0993     		str	r3, [sp, #36]
 122:Core/Src/spi.c **** 
 305              		.loc 1 122 5 is_stmt 1 view .LVU101
 306 005a 05A9     		add	r1, sp, #20
 307 005c 4FF09040 		mov	r0, #1207959552
 308              	.LVL7:
 122:Core/Src/spi.c **** 
 309              		.loc 1 122 5 is_stmt 0 view .LVU102
 310 0060 FFF7FEFF 		bl	HAL_GPIO_Init
 311              	.LVL8:
 312 0064 DBE7     		b	.L13
 313              	.LVL9:
 314              	.L18:
 134:Core/Src/spi.c **** 
 315              		.loc 1 134 5 is_stmt 1 view .LVU103
 316              	.LBB4:
 134:Core/Src/spi.c **** 
 317              		.loc 1 134 5 view .LVU104
 134:Core/Src/spi.c **** 
 318              		.loc 1 134 5 view .LVU105
 319 0066 124B     		ldr	r3, .L19+8
 320 0068 9A6D     		ldr	r2, [r3, #88]
 321 006a 42F48042 		orr	r2, r2, #16384
 322 006e 9A65     		str	r2, [r3, #88]
 134:Core/Src/spi.c **** 
 323              		.loc 1 134 5 view .LVU106
 324 0070 9A6D     		ldr	r2, [r3, #88]
 325 0072 02F48042 		and	r2, r2, #16384
 326 0076 0392     		str	r2, [sp, #12]
 134:Core/Src/spi.c **** 
 327              		.loc 1 134 5 view .LVU107
 328 0078 039A     		ldr	r2, [sp, #12]
 329              	.LBE4:
 134:Core/Src/spi.c **** 
 330              		.loc 1 134 5 view .LVU108
 136:Core/Src/spi.c ****     /**SPI2 GPIO Configuration
 331              		.loc 1 136 5 view .LVU109
 332              	.LBB5:
 136:Core/Src/spi.c ****     /**SPI2 GPIO Configuration
ARM GAS  C:\Users\solar\AppData\Local\Temp\ccTabbrA.s 			page 10


 333              		.loc 1 136 5 view .LVU110
 136:Core/Src/spi.c ****     /**SPI2 GPIO Configuration
 334              		.loc 1 136 5 view .LVU111
 335 007a DA6C     		ldr	r2, [r3, #76]
 336 007c 42F00202 		orr	r2, r2, #2
 337 0080 DA64     		str	r2, [r3, #76]
 136:Core/Src/spi.c ****     /**SPI2 GPIO Configuration
 338              		.loc 1 136 5 view .LVU112
 339 0082 DB6C     		ldr	r3, [r3, #76]
 340 0084 03F00203 		and	r3, r3, #2
 341 0088 0493     		str	r3, [sp, #16]
 136:Core/Src/spi.c ****     /**SPI2 GPIO Configuration
 342              		.loc 1 136 5 view .LVU113
 343 008a 049B     		ldr	r3, [sp, #16]
 344              	.LBE5:
 136:Core/Src/spi.c ****     /**SPI2 GPIO Configuration
 345              		.loc 1 136 5 view .LVU114
 142:Core/Src/spi.c ****     GPIO_InitStruct.Mode = GPIO_MODE_AF_PP;
 346              		.loc 1 142 5 view .LVU115
 142:Core/Src/spi.c ****     GPIO_InitStruct.Mode = GPIO_MODE_AF_PP;
 347              		.loc 1 142 25 is_stmt 0 view .LVU116
 348 008c 4FF46043 		mov	r3, #57344
 349 0090 0593     		str	r3, [sp, #20]
 143:Core/Src/spi.c ****     GPIO_InitStruct.Pull = GPIO_NOPULL;
 350              		.loc 1 143 5 is_stmt 1 view .LVU117
 143:Core/Src/spi.c ****     GPIO_InitStruct.Pull = GPIO_NOPULL;
 351              		.loc 1 143 26 is_stmt 0 view .LVU118
 352 0092 0223     		movs	r3, #2
 353 0094 0693     		str	r3, [sp, #24]
 144:Core/Src/spi.c ****     GPIO_InitStruct.Speed = GPIO_SPEED_FREQ_VERY_HIGH;
 354              		.loc 1 144 5 is_stmt 1 view .LVU119
 145:Core/Src/spi.c ****     GPIO_InitStruct.Alternate = GPIO_AF5_SPI2;
 355              		.loc 1 145 5 view .LVU120
 145:Core/Src/spi.c ****     GPIO_InitStruct.Alternate = GPIO_AF5_SPI2;
 356              		.loc 1 145 27 is_stmt 0 view .LVU121
 357 0096 0323     		movs	r3, #3
 358 0098 0893     		str	r3, [sp, #32]
 146:Core/Src/spi.c ****     HAL_GPIO_Init(GPIOB, &GPIO_InitStruct);
 359              		.loc 1 146 5 is_stmt 1 view .LVU122
 146:Core/Src/spi.c ****     HAL_GPIO_Init(GPIOB, &GPIO_InitStruct);
 360              		.loc 1 146 31 is_stmt 0 view .LVU123
 361 009a 0523     		movs	r3, #5
 362 009c 0993     		str	r3, [sp, #36]
 147:Core/Src/spi.c **** 
 363              		.loc 1 147 5 is_stmt 1 view .LVU124
 364 009e 05A9     		add	r1, sp, #20
 365 00a0 0448     		ldr	r0, .L19+12
 366              	.LVL10:
 147:Core/Src/spi.c **** 
 367              		.loc 1 147 5 is_stmt 0 view .LVU125
 368 00a2 FFF7FEFF 		bl	HAL_GPIO_Init
 369              	.LVL11:
 370              		.loc 1 153 1 view .LVU126
 371 00a6 BAE7     		b	.L13
 372              	.L20:
 373              		.align	2
 374              	.L19:
ARM GAS  C:\Users\solar\AppData\Local\Temp\ccTabbrA.s 			page 11


 375 00a8 00300140 		.word	1073819648
 376 00ac 00380040 		.word	1073756160
 377 00b0 00100240 		.word	1073876992
 378 00b4 00040048 		.word	1207960576
 379              		.cfi_endproc
 380              	.LFE230:
 382              		.section	.text.HAL_SPI_MspDeInit,"ax",%progbits
 383              		.align	1
 384              		.global	HAL_SPI_MspDeInit
 385              		.syntax unified
 386              		.thumb
 387              		.thumb_func
 389              	HAL_SPI_MspDeInit:
 390              	.LVL12:
 391              	.LFB231:
 154:Core/Src/spi.c **** 
 155:Core/Src/spi.c **** void HAL_SPI_MspDeInit(SPI_HandleTypeDef* spiHandle)
 156:Core/Src/spi.c **** {
 392              		.loc 1 156 1 is_stmt 1 view -0
 393              		.cfi_startproc
 394              		@ args = 0, pretend = 0, frame = 0
 395              		@ frame_needed = 0, uses_anonymous_args = 0
 396              		.loc 1 156 1 is_stmt 0 view .LVU128
 397 0000 08B5     		push	{r3, lr}
 398              	.LCFI6:
 399              		.cfi_def_cfa_offset 8
 400              		.cfi_offset 3, -8
 401              		.cfi_offset 14, -4
 157:Core/Src/spi.c **** 
 158:Core/Src/spi.c ****   if(spiHandle->Instance==SPI1)
 402              		.loc 1 158 3 is_stmt 1 view .LVU129
 403              		.loc 1 158 15 is_stmt 0 view .LVU130
 404 0002 0368     		ldr	r3, [r0]
 405              		.loc 1 158 5 view .LVU131
 406 0004 0F4A     		ldr	r2, .L27
 407 0006 9342     		cmp	r3, r2
 408 0008 03D0     		beq	.L25
 159:Core/Src/spi.c ****   {
 160:Core/Src/spi.c ****   /* USER CODE BEGIN SPI1_MspDeInit 0 */
 161:Core/Src/spi.c **** 
 162:Core/Src/spi.c ****   /* USER CODE END SPI1_MspDeInit 0 */
 163:Core/Src/spi.c ****     /* Peripheral clock disable */
 164:Core/Src/spi.c ****     __HAL_RCC_SPI1_CLK_DISABLE();
 165:Core/Src/spi.c **** 
 166:Core/Src/spi.c ****     /**SPI1 GPIO Configuration
 167:Core/Src/spi.c ****     PA5     ------> SPI1_SCK
 168:Core/Src/spi.c ****     PA6     ------> SPI1_MISO
 169:Core/Src/spi.c ****     PA7     ------> SPI1_MOSI
 170:Core/Src/spi.c ****     */
 171:Core/Src/spi.c ****     HAL_GPIO_DeInit(GPIOA, GPIO_PIN_5|GPIO_PIN_6|GPIO_PIN_7);
 172:Core/Src/spi.c **** 
 173:Core/Src/spi.c ****   /* USER CODE BEGIN SPI1_MspDeInit 1 */
 174:Core/Src/spi.c **** 
 175:Core/Src/spi.c ****   /* USER CODE END SPI1_MspDeInit 1 */
 176:Core/Src/spi.c ****   }
 177:Core/Src/spi.c ****   else if(spiHandle->Instance==SPI2)
 409              		.loc 1 177 8 is_stmt 1 view .LVU132
ARM GAS  C:\Users\solar\AppData\Local\Temp\ccTabbrA.s 			page 12


 410              		.loc 1 177 10 is_stmt 0 view .LVU133
 411 000a 0F4A     		ldr	r2, .L27+4
 412 000c 9342     		cmp	r3, r2
 413 000e 0CD0     		beq	.L26
 414              	.LVL13:
 415              	.L21:
 178:Core/Src/spi.c ****   {
 179:Core/Src/spi.c ****   /* USER CODE BEGIN SPI2_MspDeInit 0 */
 180:Core/Src/spi.c **** 
 181:Core/Src/spi.c ****   /* USER CODE END SPI2_MspDeInit 0 */
 182:Core/Src/spi.c ****     /* Peripheral clock disable */
 183:Core/Src/spi.c ****     __HAL_RCC_SPI2_CLK_DISABLE();
 184:Core/Src/spi.c **** 
 185:Core/Src/spi.c ****     /**SPI2 GPIO Configuration
 186:Core/Src/spi.c ****     PB13     ------> SPI2_SCK
 187:Core/Src/spi.c ****     PB14     ------> SPI2_MISO
 188:Core/Src/spi.c ****     PB15     ------> SPI2_MOSI
 189:Core/Src/spi.c ****     */
 190:Core/Src/spi.c ****     HAL_GPIO_DeInit(GPIOB, GPIO_PIN_13|GPIO_PIN_14|GPIO_PIN_15);
 191:Core/Src/spi.c **** 
 192:Core/Src/spi.c ****   /* USER CODE BEGIN SPI2_MspDeInit 1 */
 193:Core/Src/spi.c **** 
 194:Core/Src/spi.c ****   /* USER CODE END SPI2_MspDeInit 1 */
 195:Core/Src/spi.c ****   }
 196:Core/Src/spi.c **** }
 416              		.loc 1 196 1 view .LVU134
 417 0010 08BD     		pop	{r3, pc}
 418              	.LVL14:
 419              	.L25:
 164:Core/Src/spi.c **** 
 420              		.loc 1 164 5 is_stmt 1 view .LVU135
 421 0012 02F56042 		add	r2, r2, #57344
 422 0016 136E     		ldr	r3, [r2, #96]
 423 0018 23F48053 		bic	r3, r3, #4096
 424 001c 1366     		str	r3, [r2, #96]
 171:Core/Src/spi.c **** 
 425              		.loc 1 171 5 view .LVU136
 426 001e E021     		movs	r1, #224
 427 0020 4FF09040 		mov	r0, #1207959552
 428              	.LVL15:
 171:Core/Src/spi.c **** 
 429              		.loc 1 171 5 is_stmt 0 view .LVU137
 430 0024 FFF7FEFF 		bl	HAL_GPIO_DeInit
 431              	.LVL16:
 432 0028 F2E7     		b	.L21
 433              	.LVL17:
 434              	.L26:
 183:Core/Src/spi.c **** 
 435              		.loc 1 183 5 is_stmt 1 view .LVU138
 436 002a 02F5EC32 		add	r2, r2, #120832
 437 002e 936D     		ldr	r3, [r2, #88]
 438 0030 23F48043 		bic	r3, r3, #16384
 439 0034 9365     		str	r3, [r2, #88]
 190:Core/Src/spi.c **** 
 440              		.loc 1 190 5 view .LVU139
 441 0036 4FF46041 		mov	r1, #57344
 442 003a 0448     		ldr	r0, .L27+8
ARM GAS  C:\Users\solar\AppData\Local\Temp\ccTabbrA.s 			page 13


 443              	.LVL18:
 190:Core/Src/spi.c **** 
 444              		.loc 1 190 5 is_stmt 0 view .LVU140
 445 003c FFF7FEFF 		bl	HAL_GPIO_DeInit
 446              	.LVL19:
 447              		.loc 1 196 1 view .LVU141
 448 0040 E6E7     		b	.L21
 449              	.L28:
 450 0042 00BF     		.align	2
 451              	.L27:
 452 0044 00300140 		.word	1073819648
 453 0048 00380040 		.word	1073756160
 454 004c 00040048 		.word	1207960576
 455              		.cfi_endproc
 456              	.LFE231:
 458              		.global	hspi2
 459              		.section	.bss.hspi2,"aw",%nobits
 460              		.align	2
 463              	hspi2:
 464 0000 00000000 		.space	100
 464      00000000 
 464      00000000 
 464      00000000 
 464      00000000 
 465              		.global	hspi1
 466              		.section	.bss.hspi1,"aw",%nobits
 467              		.align	2
 470              	hspi1:
 471 0000 00000000 		.space	100
 471      00000000 
 471      00000000 
 471      00000000 
 471      00000000 
 472              		.text
 473              	.Letext0:
 474              		.file 2 "C:/Program Files (x86)/Arm GNU Toolchain arm-none-eabi/14.3 rel1/arm-none-eabi/include/ma
 475              		.file 3 "C:/Program Files (x86)/Arm GNU Toolchain arm-none-eabi/14.3 rel1/arm-none-eabi/include/sy
 476              		.file 4 "Drivers/CMSIS/Device/ST/STM32L4xx/Include/stm32l431xx.h"
 477              		.file 5 "Drivers/STM32L4xx_HAL_Driver/Inc/stm32l4xx_hal_def.h"
 478              		.file 6 "Drivers/STM32L4xx_HAL_Driver/Inc/stm32l4xx_hal_gpio.h"
 479              		.file 7 "Drivers/STM32L4xx_HAL_Driver/Inc/stm32l4xx_hal_dma.h"
 480              		.file 8 "Drivers/STM32L4xx_HAL_Driver/Inc/stm32l4xx_hal_spi.h"
 481              		.file 9 "Core/Inc/spi.h"
 482              		.file 10 "Drivers/STM32L4xx_HAL_Driver/Inc/stm32l4xx_ll_dma.h"
 483              		.file 11 "Core/Inc/main.h"
ARM GAS  C:\Users\solar\AppData\Local\Temp\ccTabbrA.s 			page 14


DEFINED SYMBOLS
                            *ABS*:00000000 spi.c
C:\Users\solar\AppData\Local\Temp\ccTabbrA.s:21     .text.MX_SPI1_Init:00000000 $t
C:\Users\solar\AppData\Local\Temp\ccTabbrA.s:27     .text.MX_SPI1_Init:00000000 MX_SPI1_Init
C:\Users\solar\AppData\Local\Temp\ccTabbrA.s:106    .text.MX_SPI1_Init:00000044 $d
C:\Users\solar\AppData\Local\Temp\ccTabbrA.s:470    .bss.hspi1:00000000 hspi1
C:\Users\solar\AppData\Local\Temp\ccTabbrA.s:112    .text.MX_SPI2_Init:00000000 $t
C:\Users\solar\AppData\Local\Temp\ccTabbrA.s:118    .text.MX_SPI2_Init:00000000 MX_SPI2_Init
C:\Users\solar\AppData\Local\Temp\ccTabbrA.s:197    .text.MX_SPI2_Init:00000044 $d
C:\Users\solar\AppData\Local\Temp\ccTabbrA.s:463    .bss.hspi2:00000000 hspi2
C:\Users\solar\AppData\Local\Temp\ccTabbrA.s:203    .text.HAL_SPI_MspInit:00000000 $t
C:\Users\solar\AppData\Local\Temp\ccTabbrA.s:209    .text.HAL_SPI_MspInit:00000000 HAL_SPI_MspInit
C:\Users\solar\AppData\Local\Temp\ccTabbrA.s:375    .text.HAL_SPI_MspInit:000000a8 $d
C:\Users\solar\AppData\Local\Temp\ccTabbrA.s:383    .text.HAL_SPI_MspDeInit:00000000 $t
C:\Users\solar\AppData\Local\Temp\ccTabbrA.s:389    .text.HAL_SPI_MspDeInit:00000000 HAL_SPI_MspDeInit
C:\Users\solar\AppData\Local\Temp\ccTabbrA.s:452    .text.HAL_SPI_MspDeInit:00000044 $d
C:\Users\solar\AppData\Local\Temp\ccTabbrA.s:460    .bss.hspi2:00000000 $d
C:\Users\solar\AppData\Local\Temp\ccTabbrA.s:467    .bss.hspi1:00000000 $d

UNDEFINED SYMBOLS
HAL_SPI_Init
Error_Handler
HAL_GPIO_Init
HAL_GPIO_DeInit
